> Task :gradle-plugin:compileKotlin UP-TO-DATE
> Task :gradle-plugin:compileJava NO-SOURCE
> Task :gradle-plugin:pluginDescriptors UP-TO-DATE
> Task :gradle-plugin:processResources UP-TO-DATE
> Task :gradle-plugin:classes UP-TO-DATE
> Task :gradle-plugin:jar UP-TO-DATE
> Task :gradle-plugin:inspectClassesForKotlinIC UP-TO-DATE

> Configure project :expo

Using expo modules
  - [32mexpo-constants[0m (15.4.6)
  - [32mexpo-file-system[0m (16.0.9)
  - [32mexpo-font[0m (11.10.3)
  - [32mexpo-image-loader[0m (4.6.0)
  - [32mexpo-image-picker[0m (14.7.1)
  - [32mexpo-keep-awake[0m (12.8.2)
  - [32mexpo-location[0m (16.5.5)
  - [32mexpo-modules-core[0m (1.11.14)
  - [32mexpo-modules-core$android-annotation-processor[0m (1.11.14)
  - [32mexpo-modules-core$android-annotation[0m (1.11.14)
  - [32mexpo-secure-store[0m (12.8.1)
  - [32mexpo-splash-screen[0m (0.26.5)


> Task :react-native-async-storage_async-storage:preBuild UP-TO-DATE
> Task :react-native-async-storage_async-storage:preReleaseBuild UP-TO-DATE
> Task :react-native-async-storage_async-storage:mergeReleaseJniLibFolders
> Task :react-native-async-storage_async-storage:mergeReleaseNativeLibs NO-SOURCE
> Task :react-native-async-storage_async-storage:stripReleaseDebugSymbols NO-SOURCE
> Task :react-native-async-storage_async-storage:copyReleaseJniLibsProjectAndLocalJars
> Task :react-native-async-storage_async-storage:generateReleaseResValues
> Task :react-native-async-storage_async-storage:extractDeepLinksForAarRelease
> Task :react-native-async-storage_async-storage:generateReleaseBuildConfig
> Task :react-native-async-storage_async-storage:generateReleaseResources
> Task :react-native-async-storage_async-storage:packageReleaseResources
> Task :react-native-async-storage_async-storage:parseReleaseLocalResources
> Task :react-native-async-storage_async-storage:javaPreCompileRelease
> Task :react-native-async-storage_async-storage:mergeReleaseShaders
> Task :react-native-async-storage_async-storage:compileReleaseShaders NO-SOURCE
> Task :react-native-async-storage_async-storage:generateReleaseAssets UP-TO-DATE
> Task :react-native-async-storage_async-storage:packageReleaseAssets
> Task :react-native-async-storage_async-storage:prepareLintJarForPublish
> Task :react-native-async-storage_async-storage:prepareReleaseArtProfile

> Task :react-native-async-storage_async-storage:processReleaseManifest
package="com.reactnativecommunity.asyncstorage" found in source AndroidManifest.xml: /Users/dmitrytsymlyakov/AndroidStudioProjects/FoodHub/node_modules/@react-native-async-storage/async-storage/android/src/main/AndroidManifest.xml.
Setting the namespace via the package attribute in the source AndroidManifest.xml is no longer supported, and the value is ignored.
Recommendation: remove package="com.reactnativecommunity.asyncstorage" from the source AndroidManifest.xml: /Users/dmitrytsymlyakov/AndroidStudioProjects/FoodHub/node_modules/@react-native-async-storage/async-storage/android/src/main/AndroidManifest.xml.

> Task :react-native-async-storage_async-storage:processReleaseJavaRes NO-SOURCE
> Task :react-native-community_slider:preBuild UP-TO-DATE
> Task :react-native-community_slider:preReleaseBuild UP-TO-DATE
> Task :react-native-async-storage_async-storage:writeReleaseAarMetadata
> Task :react-native-async-storage_async-storage:generateReleaseRFile
> Task :react-native-community_slider:mergeReleaseJniLibFolders
> Task :react-native-async-storage_async-storage:mergeReleaseJavaResource
> Task :react-native-async-storage_async-storage:extractReleaseAnnotations

> Task :react-native-async-storage_async-storage:compileReleaseJavaWithJavac
Note: Some input files use or override a deprecated API.
Note: Recompile with -Xlint:deprecation for details.
Note: /Users/dmitrytsymlyakov/AndroidStudioProjects/FoodHub/node_modules/@react-native-async-storage/async-storage/android/src/javaPackage/java/com/reactnativecommunity/asyncstorage/AsyncStoragePackage.java uses unchecked or unsafe operations.
Note: Recompile with -Xlint:unchecked for details.

> Task :react-native-async-storage_async-storage:mergeReleaseGeneratedProguardFiles
> Task :react-native-async-storage_async-storage:mergeReleaseConsumerProguardFiles
> Task :react-native-async-storage_async-storage:syncReleaseLibJars
> Task :react-native-async-storage_async-storage:bundleReleaseLocalLintAar
> Task :react-native-community_slider:mergeReleaseNativeLibs NO-SOURCE
> Task :react-native-community_slider:stripReleaseDebugSymbols NO-SOURCE
> Task :react-native-community_slider:copyReleaseJniLibsProjectAndLocalJars
> Task :react-native-community_slider:generateReleaseResValues
> Task :react-native-community_slider:extractDeepLinksForAarRelease
> Task :react-native-community_slider:generateReleaseBuildConfig
> Task :react-native-community_slider:generateReleaseResources
> Task :react-native-community_slider:packageReleaseResources
> Task :react-native-community_slider:parseReleaseLocalResources
> Task :react-native-community_slider:javaPreCompileRelease

> Task :react-native-community_slider:processReleaseManifest
package="com.reactnativecommunity.slider" found in source AndroidManifest.xml: /Users/dmitrytsymlyakov/AndroidStudioProjects/FoodHub/node_modules/@react-native-community/slider/android/src/main/AndroidManifest.xml.
Setting the namespace via the package attribute in the source AndroidManifest.xml is no longer supported, and the value is ignored.
Recommendation: remove package="com.reactnativecommunity.slider" from the source AndroidManifest.xml: /Users/dmitrytsymlyakov/AndroidStudioProjects/FoodHub/node_modules/@react-native-community/slider/android/src/main/AndroidManifest.xml.

> Task :react-native-community_slider:mergeReleaseShaders
> Task :react-native-community_slider:compileReleaseShaders NO-SOURCE
> Task :react-native-community_slider:generateReleaseAssets UP-TO-DATE
> Task :react-native-community_slider:packageReleaseAssets
> Task :react-native-community_slider:generateReleaseRFile
> Task :react-native-community_slider:prepareLintJarForPublish
> Task :react-native-community_slider:extractReleaseAnnotations

> Task :react-native-community_slider:compileReleaseJavaWithJavac
Note: Some input files use or override a deprecated API.
Note: Recompile with -Xlint:deprecation for details.
Note: /Users/dmitrytsymlyakov/AndroidStudioProjects/FoodHub/node_modules/@react-native-community/slider/android/src/oldarch/java/com/reactnativecommunity/slider/ReactSliderManager.java uses unchecked or unsafe operations.
Note: Recompile with -Xlint:unchecked for details.

> Task :react-native-community_slider:mergeReleaseGeneratedProguardFiles
> Task :react-native-community_slider:mergeReleaseConsumerProguardFiles
> Task :react-native-community_slider:prepareReleaseArtProfile
> Task :react-native-community_slider:processReleaseJavaRes NO-SOURCE
> Task :react-native-community_slider:writeReleaseAarMetadata
> Task :react-native-community_slider:mergeReleaseJavaResource
> Task :expo:generateExpoModulesPackageList
> Task :react-native-community_slider:syncReleaseLibJars
> Task :react-native-community_slider:bundleReleaseLocalLintAar
> Task :expo:preBuild
> Task :expo:preReleaseBuild
> Task :expo:mergeReleaseJniLibFolders
> Task :expo:mergeReleaseNativeLibs NO-SOURCE
> Task :expo:stripReleaseDebugSymbols NO-SOURCE
> Task :expo:copyReleaseJniLibsProjectAndLocalJars
> Task :expo:generateReleaseResValues
> Task :expo:extractDeepLinksForAarRelease
> Task :expo-modules-core$android-annotation-processor:processResources
> Task :expo-modules-core$android-annotation:processResources NO-SOURCE
> Task :expo:generateReleaseBuildConfig
> Task :expo:generateReleaseResources
> Task :expo:packageReleaseResources
> Task :expo:parseReleaseLocalResources
> Task :expo:processReleaseManifest
> Task :expo-constants:createExpoConfig
> Task :expo-constants:preBuild
> Task :expo-constants:preReleaseBuild
> Task :expo-constants:generateReleaseBuildConfig
> Task :expo-constants:generateReleaseResValues
> Task :expo-constants:generateReleaseResources
> Task :expo:generateReleaseRFile
> Task :expo-constants:packageReleaseResources
> Task :expo-constants:parseReleaseLocalResources
> Task :expo-modules-core:preBuild UP-TO-DATE
> Task :expo-modules-core:preReleaseBuild UP-TO-DATE
> Task :expo-modules-core:generateReleaseBuildConfig
> Task :expo-constants:processReleaseManifest
> Task :expo-modules-core:generateReleaseResValues
> Task :expo-modules-core:generateReleaseResources
> Task :expo-constants:generateReleaseRFile
> Task :expo-modules-core:packageReleaseResources
> Task :expo-modules-core:parseReleaseLocalResources
> Task :expo-modules-core:javaPreCompileRelease
> Task :expo-file-system:preBuild UP-TO-DATE
> Task :expo-file-system:preReleaseBuild UP-TO-DATE
> Task :expo-constants:javaPreCompileRelease

> Task :expo-modules-core:processReleaseManifest
/Users/dmitrytsymlyakov/AndroidStudioProjects/FoodHub/node_modules/expo-modules-core/android/src/main/AndroidManifest.xml:8:9-11:45 Warning:
	meta-data#com.facebook.soloader.enabled@android:value was tagged at AndroidManifest.xml:8 to replace other declarations but no other declaration present

> Task :expo-file-system:generateReleaseBuildConfig
> Task :expo-file-system:generateReleaseResValues
> Task :expo-file-system:generateReleaseResources
> Task :expo-modules-core:generateReleaseRFile
> Task :expo-file-system:packageReleaseResources
> Task :expo-font:preBuild UP-TO-DATE
> Task :expo-font:preReleaseBuild UP-TO-DATE
> Task :expo-file-system:javaPreCompileRelease
> Task :expo-file-system:parseReleaseLocalResources
> Task :expo-font:generateReleaseBuildConfig

> Task :expo-file-system:processReleaseManifest
/Users/dmitrytsymlyakov/AndroidStudioProjects/FoodHub/node_modules/expo-file-system/android/src/main/AndroidManifest.xml:6:9-8:20 Warning:
	provider#expo.modules.filesystem.FileSystemFileProvider@android:authorities was tagged at AndroidManifest.xml:6 to replace other declarations but no other declaration present

> Task :expo-font:generateReleaseResValues
> Task :expo-font:generateReleaseResources
> Task :expo-file-system:generateReleaseRFile
> Task :expo-font:packageReleaseResources
> Task :expo-font:parseReleaseLocalResources
> Task :expo-image-loader:preBuild UP-TO-DATE
> Task :expo-image-loader:preReleaseBuild UP-TO-DATE
> Task :expo-font:javaPreCompileRelease
> Task :expo-font:processReleaseManifest
> Task :expo-image-loader:generateReleaseBuildConfig
> Task :expo-image-loader:generateReleaseResValues
> Task :expo-image-loader:generateReleaseResources
> Task :expo-font:generateReleaseRFile
> Task :expo-image-loader:packageReleaseResources
> Task :expo-image-loader:parseReleaseLocalResources
> Task :expo-image-picker:preBuild UP-TO-DATE
> Task :expo-image-picker:preReleaseBuild UP-TO-DATE
> Task :expo-image-loader:javaPreCompileRelease
> Task :expo-image-loader:processReleaseManifest
> Task :expo-image-picker:generateReleaseBuildConfig
> Task :expo-image-picker:generateReleaseResValues
> Task :expo-image-picker:generateReleaseResources
> Task :expo-image-loader:generateReleaseRFile
> Task :expo-image-picker:packageReleaseResources
> Task :expo-keep-awake:preBuild UP-TO-DATE
> Task :expo-keep-awake:preReleaseBuild UP-TO-DATE
> Task :expo-image-picker:parseReleaseLocalResources
> Task :expo-image-picker:javaPreCompileRelease
> Task :expo-keep-awake:generateReleaseBuildConfig
> Task :expo-image-picker:processReleaseManifest
> Task :expo-keep-awake:generateReleaseResValues
> Task :expo-keep-awake:generateReleaseResources
> Task :expo-image-picker:generateReleaseRFile
> Task :expo-keep-awake:packageReleaseResources
> Task :expo-keep-awake:parseReleaseLocalResources
> Task :expo-location:preBuild UP-TO-DATE
> Task :expo-location:preReleaseBuild UP-TO-DATE
> Task :expo-keep-awake:javaPreCompileRelease
> Task :expo-keep-awake:processReleaseManifest
> Task :expo-location:generateReleaseBuildConfig
> Task :expo-location:generateReleaseResValues
> Task :expo-location:generateReleaseResources
> Task :expo-keep-awake:generateReleaseRFile
> Task :expo-location:packageReleaseResources
> Task :expo-location:parseReleaseLocalResources
> Task :expo-secure-store:preBuild UP-TO-DATE
> Task :expo-secure-store:preReleaseBuild UP-TO-DATE
> Task :expo-location:javaPreCompileRelease
> Task :expo-location:processReleaseManifest
> Task :expo-secure-store:generateReleaseBuildConfig
> Task :expo-secure-store:generateReleaseResValues
> Task :expo-secure-store:generateReleaseResources
> Task :expo-location:generateReleaseRFile
> Task :expo-secure-store:packageReleaseResources
> Task :expo-secure-store:parseReleaseLocalResources
> Task :expo-splash-screen:preBuild UP-TO-DATE
> Task :expo-splash-screen:preReleaseBuild UP-TO-DATE
> Task :expo-secure-store:javaPreCompileRelease
> Task :expo-secure-store:processReleaseManifest
> Task :expo-splash-screen:generateReleaseBuildConfig
> Task :expo-splash-screen:generateReleaseResValues
> Task :expo-splash-screen:generateReleaseResources
> Task :expo-secure-store:generateReleaseRFile
> Task :expo-splash-screen:packageReleaseResources
> Task :expo-splash-screen:javaPreCompileRelease
> Task :expo-splash-screen:parseReleaseLocalResources
> Task :expo:javaPreCompileRelease
> Task :expo-splash-screen:processReleaseManifest
> Task :expo:mergeReleaseShaders
> Task :expo:compileReleaseShaders NO-SOURCE
> Task :expo:generateReleaseAssets UP-TO-DATE
> Task :expo:packageReleaseAssets
> Task :expo-splash-screen:generateReleaseRFile
> Task :expo:prepareLintJarForPublish
> Task :expo:prepareReleaseArtProfile
> Task :react-native-safe-area-context:preBuild UP-TO-DATE
> Task :react-native-safe-area-context:preReleaseBuild UP-TO-DATE
> Task :expo:writeReleaseAarMetadata
> Task :react-native-safe-area-context:mergeReleaseJniLibFolders
> Task :react-native-safe-area-context:mergeReleaseNativeLibs NO-SOURCE
> Task :react-native-safe-area-context:stripReleaseDebugSymbols NO-SOURCE
> Task :react-native-safe-area-context:copyReleaseJniLibsProjectAndLocalJars
> Task :react-native-safe-area-context:generateReleaseResValues
> Task :react-native-safe-area-context:extractDeepLinksForAarRelease
> Task :react-native-safe-area-context:generateReleaseBuildConfig
> Task :react-native-safe-area-context:generateReleaseResources
> Task :react-native-safe-area-context:packageReleaseResources
> Task :react-native-safe-area-context:parseReleaseLocalResources
> Task :react-native-safe-area-context:javaPreCompileRelease

> Task :react-native-safe-area-context:processReleaseManifest
package="com.th3rdwave.safeareacontext" found in source AndroidManifest.xml: /Users/dmitrytsymlyakov/AndroidStudioProjects/FoodHub/node_modules/react-native-safe-area-context/android/src/main/AndroidManifest.xml.
Setting the namespace via the package attribute in the source AndroidManifest.xml is no longer supported, and the value is ignored.
Recommendation: remove package="com.th3rdwave.safeareacontext" from the source AndroidManifest.xml: /Users/dmitrytsymlyakov/AndroidStudioProjects/FoodHub/node_modules/react-native-safe-area-context/android/src/main/AndroidManifest.xml.

> Task :react-native-safe-area-context:mergeReleaseShaders
> Task :react-native-safe-area-context:compileReleaseShaders NO-SOURCE
> Task :react-native-safe-area-context:generateReleaseAssets UP-TO-DATE
> Task :react-native-safe-area-context:packageReleaseAssets
> Task :react-native-safe-area-context:generateReleaseRFile
> Task :react-native-safe-area-context:prepareLintJarForPublish
> Task :react-native-safe-area-context:prepareReleaseArtProfile
> Task :react-native-screens:preBuild UP-TO-DATE
> Task :react-native-screens:preReleaseBuild UP-TO-DATE
> Task :react-native-safe-area-context:writeReleaseAarMetadata
> Task :react-native-screens:mergeReleaseJniLibFolders
> Task :react-native-screens:mergeReleaseNativeLibs NO-SOURCE
> Task :react-native-screens:stripReleaseDebugSymbols NO-SOURCE
> Task :react-native-screens:copyReleaseJniLibsProjectAndLocalJars
> Task :react-native-screens:generateReleaseResValues
> Task :react-native-screens:extractDeepLinksForAarRelease
> Task :react-native-screens:generateReleaseBuildConfig
> Task :react-native-screens:generateReleaseResources
> Task :react-native-screens:packageReleaseResources
> Task :react-native-screens:parseReleaseLocalResources
> Task :react-native-screens:javaPreCompileRelease
> Task :react-native-screens:mergeReleaseShaders

> Task :react-native-screens:processReleaseManifest
package="com.swmansion.rnscreens" found in source AndroidManifest.xml: /Users/dmitrytsymlyakov/AndroidStudioProjects/FoodHub/node_modules/react-native-screens/android/src/main/AndroidManifest.xml.
Setting the namespace via the package attribute in the source AndroidManifest.xml is no longer supported, and the value is ignored.
Recommendation: remove package="com.swmansion.rnscreens" from the source AndroidManifest.xml: /Users/dmitrytsymlyakov/AndroidStudioProjects/FoodHub/node_modules/react-native-screens/android/src/main/AndroidManifest.xml.

> Task :react-native-screens:compileReleaseShaders NO-SOURCE
> Task :react-native-screens:generateReleaseAssets UP-TO-DATE
> Task :react-native-screens:packageReleaseAssets
> Task :react-native-screens:prepareLintJarForPublish
> Task :react-native-screens:generateReleaseRFile
> Task :react-native-screens:prepareReleaseArtProfile
> Task :react-native-vector-icons:preBuild UP-TO-DATE
> Task :react-native-vector-icons:preReleaseBuild UP-TO-DATE
> Task :react-native-screens:writeReleaseAarMetadata
> Task :react-native-vector-icons:mergeReleaseJniLibFolders
> Task :react-native-vector-icons:mergeReleaseNativeLibs NO-SOURCE
> Task :react-native-vector-icons:stripReleaseDebugSymbols NO-SOURCE
> Task :react-native-vector-icons:copyReleaseJniLibsProjectAndLocalJars
> Task :react-native-vector-icons:generateReleaseResValues
> Task :react-native-vector-icons:extractDeepLinksForAarRelease
> Task :react-native-vector-icons:generateReleaseBuildConfig
> Task :react-native-vector-icons:generateReleaseResources
> Task :react-native-vector-icons:packageReleaseResources
> Task :react-native-vector-icons:parseReleaseLocalResources
> Task :react-native-vector-icons:javaPreCompileRelease

> Task :react-native-vector-icons:processReleaseManifest
package="com.oblador.vectoricons" found in source AndroidManifest.xml: /Users/dmitrytsymlyakov/AndroidStudioProjects/FoodHub/node_modules/react-native-vector-icons/android/src/main/AndroidManifest.xml.
Setting the namespace via the package attribute in the source AndroidManifest.xml is no longer supported, and the value is ignored.
Recommendation: remove package="com.oblador.vectoricons" from the source AndroidManifest.xml: /Users/dmitrytsymlyakov/AndroidStudioProjects/FoodHub/node_modules/react-native-vector-icons/android/src/main/AndroidManifest.xml.

> Task :react-native-vector-icons:mergeReleaseShaders
> Task :react-native-vector-icons:compileReleaseShaders NO-SOURCE
> Task :react-native-vector-icons:generateReleaseAssets UP-TO-DATE
> Task :react-native-vector-icons:packageReleaseAssets
> Task :react-native-vector-icons:generateReleaseRFile
> Task :react-native-vector-icons:prepareLintJarForPublish
> Task :react-native-vector-icons:extractReleaseAnnotations
> Task :expo-modules-core$android-annotation:compileKotlin

> Task :react-native-vector-icons:compileReleaseJavaWithJavac
Note: Some input files use or override a deprecated API.
Note: Recompile with -Xlint:deprecation for details.

> Task :expo-modules-core$android-annotation:compileJava NO-SOURCE
> Task :expo-modules-core$android-annotation:classes UP-TO-DATE
> Task :expo-modules-core$android-annotation:jar
> Task :expo-modules-core$android-annotation:inspectClassesForKotlinIC
> Task :react-native-vector-icons:mergeReleaseGeneratedProguardFiles
> Task :react-native-vector-icons:mergeReleaseConsumerProguardFiles
> Task :react-native-vector-icons:prepareReleaseArtProfile
> Task :react-native-vector-icons:processReleaseJavaRes NO-SOURCE
> Task :react-native-webview:preBuild UP-TO-DATE
> Task :react-native-vector-icons:writeReleaseAarMetadata
> Task :react-native-webview:preReleaseBuild UP-TO-DATE
> Task :react-native-webview:mergeReleaseJniLibFolders
> Task :react-native-vector-icons:mergeReleaseJavaResource
> Task :react-native-vector-icons:syncReleaseLibJars
> Task :react-native-vector-icons:bundleReleaseLocalLintAar
> Task :react-native-webview:mergeReleaseNativeLibs NO-SOURCE
> Task :react-native-webview:stripReleaseDebugSymbols NO-SOURCE
> Task :react-native-webview:copyReleaseJniLibsProjectAndLocalJars
> Task :react-native-webview:generateReleaseResValues
> Task :react-native-webview:extractDeepLinksForAarRelease
> Task :react-native-webview:generateReleaseBuildConfig
> Task :react-native-webview:generateReleaseResources
> Task :react-native-webview:packageReleaseResources
> Task :react-native-webview:parseReleaseLocalResources
> Task :react-native-webview:javaPreCompileRelease
> Task :react-native-webview:mergeReleaseShaders
> Task :react-native-webview:compileReleaseShaders NO-SOURCE
> Task :react-native-webview:generateReleaseAssets UP-TO-DATE
> Task :react-native-webview:processReleaseManifest
> Task :react-native-webview:packageReleaseAssets
> Task :react-native-webview:prepareLintJarForPublish
> Task :react-native-webview:prepareReleaseArtProfile
> Task :react-native-webview:writeReleaseAarMetadata
> Task :react-native-webview:generateReleaseRFile
> Task :expo-constants:mergeReleaseJniLibFolders
> Task :expo-constants:mergeReleaseNativeLibs NO-SOURCE
> Task :expo-constants:stripReleaseDebugSymbols NO-SOURCE
> Task :expo-constants:copyReleaseJniLibsProjectAndLocalJars
> Task :expo-constants:extractDeepLinksForAarRelease
> Task :expo-constants:mergeReleaseShaders
> Task :expo-modules-core$android-annotation-processor:compileKotlin
> Task :expo-constants:compileReleaseShaders NO-SOURCE
> Task :expo-modules-core$android-annotation-processor:compileJava NO-SOURCE
> Task :expo-modules-core$android-annotation-processor:classes
> Task :expo-modules-core$android-annotation-processor:jar
> Task :expo-modules-core$android-annotation-processor:inspectClassesForKotlinIC
> Task :expo-constants:generateReleaseAssets UP-TO-DATE
> Task :expo-constants:packageReleaseAssets
> Task :expo-constants:prepareLintJarForPublish
> Task :expo-constants:prepareReleaseArtProfile
> Task :expo-constants:writeReleaseAarMetadata
> Task :expo-file-system:mergeReleaseJniLibFolders
> Task :expo-file-system:mergeReleaseNativeLibs NO-SOURCE
> Task :expo-file-system:stripReleaseDebugSymbols NO-SOURCE
> Task :expo-file-system:copyReleaseJniLibsProjectAndLocalJars
> Task :expo-file-system:extractDeepLinksForAarRelease
> Task :expo-file-system:mergeReleaseShaders
> Task :expo-file-system:compileReleaseShaders NO-SOURCE
> Task :expo-file-system:generateReleaseAssets UP-TO-DATE
> Task :expo-file-system:packageReleaseAssets
> Task :expo-file-system:prepareLintJarForPublish
> Task :expo-file-system:prepareReleaseArtProfile
> Task :expo-file-system:writeReleaseAarMetadata
> Task :expo-font:mergeReleaseJniLibFolders
> Task :expo-font:mergeReleaseNativeLibs NO-SOURCE
> Task :expo-font:stripReleaseDebugSymbols NO-SOURCE
> Task :expo-font:copyReleaseJniLibsProjectAndLocalJars
> Task :expo-font:extractDeepLinksForAarRelease
> Task :expo-font:mergeReleaseShaders
> Task :expo-font:compileReleaseShaders NO-SOURCE
> Task :expo-font:generateReleaseAssets UP-TO-DATE
> Task :expo-font:packageReleaseAssets
> Task :expo-font:prepareLintJarForPublish
> Task :expo-font:prepareReleaseArtProfile
> Task :expo-font:writeReleaseAarMetadata
> Task :expo-image-loader:mergeReleaseJniLibFolders
> Task :expo-image-loader:mergeReleaseNativeLibs NO-SOURCE
> Task :expo-image-loader:stripReleaseDebugSymbols NO-SOURCE
> Task :expo-image-loader:copyReleaseJniLibsProjectAndLocalJars
> Task :expo-image-loader:extractDeepLinksForAarRelease
> Task :expo-image-loader:mergeReleaseShaders
> Task :expo-image-loader:compileReleaseShaders NO-SOURCE
> Task :expo-image-loader:generateReleaseAssets UP-TO-DATE
> Task :expo-image-loader:packageReleaseAssets
> Task :expo-image-loader:prepareLintJarForPublish
> Task :expo-image-loader:prepareReleaseArtProfile
> Task :expo-image-loader:writeReleaseAarMetadata
> Task :expo-image-picker:mergeReleaseJniLibFolders
> Task :expo-image-picker:mergeReleaseNativeLibs NO-SOURCE
> Task :expo-image-picker:stripReleaseDebugSymbols NO-SOURCE
> Task :expo-image-picker:copyReleaseJniLibsProjectAndLocalJars
> Task :expo-image-picker:extractDeepLinksForAarRelease
> Task :expo-image-picker:mergeReleaseShaders
> Task :expo-image-picker:compileReleaseShaders NO-SOURCE
> Task :expo-image-picker:generateReleaseAssets UP-TO-DATE
> Task :expo-image-picker:packageReleaseAssets
> Task :expo-image-picker:prepareLintJarForPublish
> Task :expo-image-picker:prepareReleaseArtProfile
> Task :expo-image-picker:writeReleaseAarMetadata
> Task :expo-keep-awake:mergeReleaseJniLibFolders
> Task :expo-keep-awake:mergeReleaseNativeLibs NO-SOURCE
> Task :expo-keep-awake:stripReleaseDebugSymbols NO-SOURCE
> Task :expo-keep-awake:copyReleaseJniLibsProjectAndLocalJars
> Task :expo-keep-awake:extractDeepLinksForAarRelease
> Task :expo-keep-awake:mergeReleaseShaders
> Task :expo-keep-awake:compileReleaseShaders NO-SOURCE
> Task :expo-keep-awake:generateReleaseAssets UP-TO-DATE
> Task :expo-keep-awake:packageReleaseAssets
> Task :expo-keep-awake:prepareLintJarForPublish
> Task :expo-keep-awake:prepareReleaseArtProfile
> Task :expo-keep-awake:writeReleaseAarMetadata
> Task :expo-location:mergeReleaseJniLibFolders
> Task :expo-location:mergeReleaseNativeLibs NO-SOURCE
> Task :expo-location:stripReleaseDebugSymbols NO-SOURCE
> Task :expo-location:copyReleaseJniLibsProjectAndLocalJars
> Task :expo-location:extractDeepLinksForAarRelease
> Task :expo-location:mergeReleaseShaders
> Task :expo-location:compileReleaseShaders NO-SOURCE
> Task :expo-location:generateReleaseAssets UP-TO-DATE
> Task :expo-location:packageReleaseAssets
> Task :expo-location:prepareLintJarForPublish
> Task :expo-location:prepareReleaseArtProfile
> Task :expo-location:writeReleaseAarMetadata
> Task :expo-secure-store:mergeReleaseJniLibFolders
> Task :expo-secure-store:mergeReleaseNativeLibs NO-SOURCE
> Task :expo-secure-store:stripReleaseDebugSymbols NO-SOURCE
> Task :expo-secure-store:copyReleaseJniLibsProjectAndLocalJars
> Task :expo-secure-store:extractDeepLinksForAarRelease
> Task :expo-secure-store:mergeReleaseShaders
> Task :expo-secure-store:compileReleaseShaders NO-SOURCE
> Task :expo-secure-store:generateReleaseAssets UP-TO-DATE
> Task :expo-secure-store:packageReleaseAssets
> Task :expo-secure-store:prepareLintJarForPublish
> Task :expo-secure-store:prepareReleaseArtProfile
> Task :expo-secure-store:writeReleaseAarMetadata
> Task :expo-splash-screen:mergeReleaseJniLibFolders
> Task :expo-splash-screen:mergeReleaseNativeLibs NO-SOURCE
> Task :expo-splash-screen:stripReleaseDebugSymbols NO-SOURCE
> Task :expo-splash-screen:copyReleaseJniLibsProjectAndLocalJars
> Task :expo-splash-screen:extractDeepLinksForAarRelease
> Task :expo-splash-screen:mergeReleaseShaders
> Task :expo-splash-screen:compileReleaseShaders NO-SOURCE
> Task :expo-splash-screen:generateReleaseAssets UP-TO-DATE
> Task :expo-splash-screen:packageReleaseAssets
> Task :expo-splash-screen:prepareLintJarForPublish
> Task :expo-splash-screen:prepareReleaseArtProfile
> Task :expo-splash-screen:writeReleaseAarMetadata
> Task :expo-modules-core:configureCMakeRelWithDebInfo[arm64-v8a]
> Task :expo-modules-core:buildCMakeRelWithDebInfo[arm64-v8a]
> Task :expo-modules-core:configureCMakeRelWithDebInfo[armeabi-v7a]

> Task :react-native-safe-area-context:compileReleaseKotlin
w: file:///Users/dmitrytsymlyakov/AndroidStudioProjects/FoodHub/node_modules/react-native-safe-area-context/android/src/main/java/com/th3rdwave/safeareacontext/SafeAreaContextModule.kt:7:46 'ReactModule' is deprecated. Deprecated in Java
w: file:///Users/dmitrytsymlyakov/AndroidStudioProjects/FoodHub/node_modules/react-native-safe-area-context/android/src/main/java/com/th3rdwave/safeareacontext/SafeAreaContextModule.kt:9:2 'ReactModule' is deprecated. Deprecated in Java
w: file:///Users/dmitrytsymlyakov/AndroidStudioProjects/FoodHub/node_modules/react-native-safe-area-context/android/src/main/java/com/th3rdwave/safeareacontext/SafeAreaContextPackage.kt:6:46 'ReactModule' is deprecated. Deprecated in Java
w: file:///Users/dmitrytsymlyakov/AndroidStudioProjects/FoodHub/node_modules/react-native-safe-area-context/android/src/main/java/com/th3rdwave/safeareacontext/SafeAreaContextPackage.kt:26:51 'ReactModule' is deprecated. Deprecated in Java
w: file:///Users/dmitrytsymlyakov/AndroidStudioProjects/FoodHub/node_modules/react-native-safe-area-context/android/src/main/java/com/th3rdwave/safeareacontext/SafeAreaContextPackage.kt:28:11 'constructor ReactModuleInfo(String!, String!, Boolean, Boolean, Boolean, Boolean, Boolean)' is deprecated. Deprecated in Java
w: file:///Users/dmitrytsymlyakov/AndroidStudioProjects/FoodHub/node_modules/react-native-safe-area-context/android/src/main/java/com/th3rdwave/safeareacontext/SafeAreaContextPackage.kt:34:27 'hasConstants: Boolean' is deprecated. Deprecated in Java
w: file:///Users/dmitrytsymlyakov/AndroidStudioProjects/FoodHub/node_modules/react-native-safe-area-context/android/src/main/java/com/th3rdwave/safeareacontext/SafeAreaProviderManager.kt:4:46 'ReactModule' is deprecated. Deprecated in Java
w: file:///Users/dmitrytsymlyakov/AndroidStudioProjects/FoodHub/node_modules/react-native-safe-area-context/android/src/main/java/com/th3rdwave/safeareacontext/SafeAreaProviderManager.kt:11:2 'ReactModule' is deprecated. Deprecated in Java
w: file:///Users/dmitrytsymlyakov/AndroidStudioProjects/FoodHub/node_modules/react-native-safe-area-context/android/src/main/java/com/th3rdwave/safeareacontext/SafeAreaView.kt:59:23 'getter for uiImplementation: UIImplementation!' is deprecated. Deprecated in Java
w: file:///Users/dmitrytsymlyakov/AndroidStudioProjects/FoodHub/node_modules/react-native-safe-area-context/android/src/main/java/com/th3rdwave/safeareacontext/SafeAreaViewManager.kt:4:46 'ReactModule' is deprecated. Deprecated in Java
w: file:///Users/dmitrytsymlyakov/AndroidStudioProjects/FoodHub/node_modules/react-native-safe-area-context/android/src/main/java/com/th3rdwave/safeareacontext/SafeAreaViewManager.kt:14:2 'ReactModule' is deprecated. Deprecated in Java

> Task :expo-modules-core:buildCMakeRelWithDebInfo[armeabi-v7a]
> Task :react-native-safe-area-context:extractReleaseAnnotations

> Task :react-native-webview:compileReleaseKotlin
w: file:///Users/dmitrytsymlyakov/AndroidStudioProjects/FoodHub/node_modules/react-native-webview/android/src/main/java/com/reactnativecommunity/webview/RNCWebViewManagerImpl.kt:40:71 Parameter 'webView' is never used, could be renamed to _
w: file:///Users/dmitrytsymlyakov/AndroidStudioProjects/FoodHub/node_modules/react-native-webview/android/src/main/java/com/reactnativecommunity/webview/RNCWebViewManagerImpl.kt:82:18 'setter for allowFileAccessFromFileURLs: Boolean' is deprecated. Deprecated in Java
w: file:///Users/dmitrytsymlyakov/AndroidStudioProjects/FoodHub/node_modules/react-native-webview/android/src/main/java/com/reactnativecommunity/webview/RNCWebViewManagerImpl.kt:83:18 'setter for allowUniversalAccessFromFileURLs: Boolean' is deprecated. Deprecated in Java
w: file:///Users/dmitrytsymlyakov/AndroidStudioProjects/FoodHub/node_modules/react-native-webview/android/src/main/java/com/reactnativecommunity/webview/RNCWebViewManagerImpl.kt:94:102 Parameter 'contentLength' is never used, could be renamed to _
w: file:///Users/dmitrytsymlyakov/AndroidStudioProjects/FoodHub/node_modules/react-native-webview/android/src/main/java/com/reactnativecommunity/webview/RNCWebViewManagerImpl.kt:110:32 Variable 'urlObj' initializer is redundant
w: file:///Users/dmitrytsymlyakov/AndroidStudioProjects/FoodHub/node_modules/react-native-webview/android/src/main/java/com/reactnativecommunity/webview/RNCWebViewManagerImpl.kt:124:21 'allowScanningByMediaScanner(): Unit' is deprecated. Deprecated in Java
w: file:///Users/dmitrytsymlyakov/AndroidStudioProjects/FoodHub/node_modules/react-native-webview/android/src/main/java/com/reactnativecommunity/webview/RNCWebViewManagerImpl.kt:161:36 'setter for systemUiVisibility: Int' is deprecated. Deprecated in Java
w: file:///Users/dmitrytsymlyakov/AndroidStudioProjects/FoodHub/node_modules/react-native-webview/android/src/main/java/com/reactnativecommunity/webview/RNCWebViewManagerImpl.kt:343:25 Unnecessary safe call on a non-null receiver of type ReadableArray
w: file:///Users/dmitrytsymlyakov/AndroidStudioProjects/FoodHub/node_modules/react-native-webview/android/src/main/java/com/reactnativecommunity/webview/RNCWebViewManagerImpl.kt:343:40 Elvis operator (?:) always returns the left operand of non-nullable type String
w: file:///Users/dmitrytsymlyakov/AndroidStudioProjects/FoodHub/node_modules/react-native-webview/android/src/main/java/com/reactnativecommunity/webview/RNCWebViewManagerImpl.kt:350:34 Condition 'args != null' is always 'true'
w: file:///Users/dmitrytsymlyakov/AndroidStudioProjects/FoodHub/node_modules/react-native-webview/android/src/main/java/com/reactnativecommunity/webview/RNCWebViewManagerImpl.kt:369:38 'setter for allowUniversalAccessFromFileURLs: Boolean' is deprecated. Deprecated in Java
w: file:///Users/dmitrytsymlyakov/AndroidStudioProjects/FoodHub/node_modules/react-native-webview/android/src/main/java/com/reactnativecommunity/webview/RNCWebViewManagerImpl.kt:381:19 Parameter 'viewWrapper' is never used
w: file:///Users/dmitrytsymlyakov/AndroidStudioProjects/FoodHub/node_modules/react-native-webview/android/src/main/java/com/reactnativecommunity/webview/RNCWebViewManagerImpl.kt:430:51 Unchecked cast: Any! to kotlin.collections.HashMap<String, String> /* = java.util.HashMap<String, String> */
w: file:///Users/dmitrytsymlyakov/AndroidStudioProjects/FoodHub/node_modules/react-native-webview/android/src/main/java/com/reactnativecommunity/webview/RNCWebViewManagerImpl.kt:486:23 'setter for savePassword: Boolean' is deprecated. Deprecated in Java
w: file:///Users/dmitrytsymlyakov/AndroidStudioProjects/FoodHub/node_modules/react-native-webview/android/src/main/java/com/reactnativecommunity/webview/RNCWebViewManagerImpl.kt:487:23 'setter for saveFormData: Boolean' is deprecated. Deprecated in Java
w: file:///Users/dmitrytsymlyakov/AndroidStudioProjects/FoodHub/node_modules/react-native-webview/android/src/main/java/com/reactnativecommunity/webview/RNCWebViewManagerImpl.kt:557:23 'setter for allowFileAccessFromFileURLs: Boolean' is deprecated. Deprecated in Java
w: file:///Users/dmitrytsymlyakov/AndroidStudioProjects/FoodHub/node_modules/react-native-webview/android/src/main/java/com/reactnativecommunity/webview/RNCWebViewManagerImpl.kt:602:52 'FORCE_DARK_ON: Int' is deprecated. Deprecated in Java
w: file:///Users/dmitrytsymlyakov/AndroidStudioProjects/FoodHub/node_modules/react-native-webview/android/src/main/java/com/reactnativecommunity/webview/RNCWebViewManagerImpl.kt:602:89 'FORCE_DARK_OFF: Int' is deprecated. Deprecated in Java
w: file:///Users/dmitrytsymlyakov/AndroidStudioProjects/FoodHub/node_modules/react-native-webview/android/src/main/java/com/reactnativecommunity/webview/RNCWebViewManagerImpl.kt:603:35 'setForceDark(WebSettings!, Int): Unit' is deprecated. Deprecated in Java
w: file:///Users/dmitrytsymlyakov/AndroidStudioProjects/FoodHub/node_modules/react-native-webview/android/src/main/java/com/reactnativecommunity/webview/RNCWebViewManagerImpl.kt:612:35 'setForceDarkStrategy(WebSettings!, Int): Unit' is deprecated. Deprecated in Java
w: file:///Users/dmitrytsymlyakov/AndroidStudioProjects/FoodHub/node_modules/react-native-webview/android/src/main/java/com/reactnativecommunity/webview/RNCWebViewManagerImpl.kt:614:39 'DARK_STRATEGY_PREFER_WEB_THEME_OVER_USER_AGENT_DARKENING: Int' is deprecated. Deprecated in Java
w: file:///Users/dmitrytsymlyakov/AndroidStudioProjects/FoodHub/node_modules/react-native-webview/android/src/main/java/com/reactnativecommunity/webview/RNCWebViewManagerImpl.kt:658:65 Unchecked cast: ArrayList<Any!> to List<Map<String, String>>
w: file:///Users/dmitrytsymlyakov/AndroidStudioProjects/FoodHub/node_modules/react-native-webview/android/src/main/java/com/reactnativecommunity/webview/RNCWebViewManagerImpl.kt:679:23 'setter for saveFormData: Boolean' is deprecated. Deprecated in Java
w: file:///Users/dmitrytsymlyakov/AndroidStudioProjects/FoodHub/node_modules/react-native-webview/android/src/main/java/com/reactnativecommunity/webview/RNCWebViewManagerImpl.kt:714:36 Parameter 'viewWrapper' is never used
w: file:///Users/dmitrytsymlyakov/AndroidStudioProjects/FoodHub/node_modules/react-native-webview/android/src/main/java/com/reactnativecommunity/webview/events/SubResourceErrorEvent.kt:5:44 'RCTEventEmitter' is deprecated. Deprecated in Java
w: file:///Users/dmitrytsymlyakov/AndroidStudioProjects/FoodHub/node_modules/react-native-webview/android/src/main/java/com/reactnativecommunity/webview/events/SubResourceErrorEvent.kt:11:3 'constructor Event<T : Event<(raw) Event<*>>!>(Int)' is deprecated. Deprecated in Java
w: file:///Users/dmitrytsymlyakov/AndroidStudioProjects/FoodHub/node_modules/react-native-webview/android/src/main/java/com/reactnativecommunity/webview/events/SubResourceErrorEvent.kt:22:42 'RCTEventEmitter' is deprecated. Deprecated in Java
w: file:///Users/dmitrytsymlyakov/AndroidStudioProjects/FoodHub/node_modules/react-native-webview/android/src/main/java/com/reactnativecommunity/webview/events/SubResourceErrorEvent.kt:23:21 'receiveEvent(Int, String!, WritableMap?): Unit' is deprecated. Deprecated in Java
w: file:///Users/dmitrytsymlyakov/AndroidStudioProjects/FoodHub/node_modules/react-native-webview/android/src/main/java/com/reactnativecommunity/webview/events/TopCustomMenuSelectionEvent.kt:5:44 'RCTEventEmitter' is deprecated. Deprecated in Java
w: file:///Users/dmitrytsymlyakov/AndroidStudioProjects/FoodHub/node_modules/react-native-webview/android/src/main/java/com/reactnativecommunity/webview/events/TopCustomMenuSelectionEvent.kt:11:3 'constructor Event<T : Event<(raw) Event<*>>!>(Int)' is deprecated. Deprecated in Java
w: file:///Users/dmitrytsymlyakov/AndroidStudioProjects/FoodHub/node_modules/react-native-webview/android/src/main/java/com/reactnativecommunity/webview/events/TopCustomMenuSelectionEvent.kt:22:42 'RCTEventEmitter' is deprecated. Deprecated in Java
w: file:///Users/dmitrytsymlyakov/AndroidStudioProjects/FoodHub/node_modules/react-native-webview/android/src/main/java/com/reactnativecommunity/webview/events/TopCustomMenuSelectionEvent.kt:23:21 'receiveEvent(Int, String!, WritableMap?): Unit' is deprecated. Deprecated in Java
w: file:///Users/dmitrytsymlyakov/AndroidStudioProjects/FoodHub/node_modules/react-native-webview/android/src/main/java/com/reactnativecommunity/webview/events/TopHttpErrorEvent.kt:5:44 'RCTEventEmitter' is deprecated. Deprecated in Java
w: file:///Users/dmitrytsymlyakov/AndroidStudioProjects/FoodHub/node_modules/react-native-webview/android/src/main/java/com/reactnativecommunity/webview/events/TopHttpErrorEvent.kt:11:3 'constructor Event<T : Event<(raw) Event<*>>!>(Int)' is deprecated. Deprecated in Java
w: file:///Users/dmitrytsymlyakov/AndroidStudioProjects/FoodHub/node_modules/react-native-webview/android/src/main/java/com/reactnativecommunity/webview/events/TopHttpErrorEvent.kt:22:42 'RCTEventEmitter' is deprecated. Deprecated in Java
w: file:///Users/dmitrytsymlyakov/AndroidStudioProjects/FoodHub/node_modules/react-native-webview/android/src/main/java/com/reactnativecommunity/webview/events/TopHttpErrorEvent.kt:23:21 'receiveEvent(Int, String!, WritableMap?): Unit' is deprecated. Deprecated in Java
w: file:///Users/dmitrytsymlyakov/AndroidStudioProjects/FoodHub/node_modules/react-native-webview/android/src/main/java/com/reactnativecommunity/webview/events/TopLoadingErrorEvent.kt:5:44 'RCTEventEmitter' is deprecated. Deprecated in Java
w: file:///Users/dmitrytsymlyakov/AndroidStudioProjects/FoodHub/node_modules/react-native-webview/android/src/main/java/com/reactnativecommunity/webview/events/TopLoadingErrorEvent.kt:11:3 'constructor Event<T : Event<(raw) Event<*>>!>(Int)' is deprecated. Deprecated in Java
w: file:///Users/dmitrytsymlyakov/AndroidStudioProjects/FoodHub/node_modules/react-native-webview/android/src/main/java/com/reactnativecommunity/webview/events/TopLoadingErrorEvent.kt:22:42 'RCTEventEmitter' is deprecated. Deprecated in Java
w: file:///Users/dmitrytsymlyakov/AndroidStudioProjects/FoodHub/node_modules/react-native-webview/android/src/main/java/com/reactnativecommunity/webview/events/TopLoadingErrorEvent.kt:23:21 'receiveEvent(Int, String!, WritableMap?): Unit' is deprecated. Deprecated in Java
w: file:///Users/dmitrytsymlyakov/AndroidStudioProjects/FoodHub/node_modules/react-native-webview/android/src/main/java/com/reactnativecommunity/webview/events/TopLoadingFinishEvent.kt:5:44 'RCTEventEmitter' is deprecated. Deprecated in Java
w: file:///Users/dmitrytsymlyakov/AndroidStudioProjects/FoodHub/node_modules/react-native-webview/android/src/main/java/com/reactnativecommunity/webview/events/TopLoadingFinishEvent.kt:11:3 'constructor Event<T : Event<(raw) Event<*>>!>(Int)' is deprecated. Deprecated in Java
w: file:///Users/dmitrytsymlyakov/AndroidStudioProjects/FoodHub/node_modules/react-native-webview/android/src/main/java/com/reactnativecommunity/webview/events/TopLoadingFinishEvent.kt:22:42 'RCTEventEmitter' is deprecated. Deprecated in Java
w: file:///Users/dmitrytsymlyakov/AndroidStudioProjects/FoodHub/node_modules/react-native-webview/android/src/main/java/com/reactnativecommunity/webview/events/TopLoadingFinishEvent.kt:23:21 'receiveEvent(Int, String!, WritableMap?): Unit' is deprecated. Deprecated in Java
w: file:///Users/dmitrytsymlyakov/AndroidStudioProjects/FoodHub/node_modules/react-native-webview/android/src/main/java/com/reactnativecommunity/webview/events/TopLoadingProgressEvent.kt:5:44 'RCTEventEmitter' is deprecated. Deprecated in Java
w: file:///Users/dmitrytsymlyakov/AndroidStudioProjects/FoodHub/node_modules/react-native-webview/android/src/main/java/com/reactnativecommunity/webview/events/TopLoadingProgressEvent.kt:11:3 'constructor Event<T : Event<(raw) Event<*>>!>(Int)' is deprecated. Deprecated in Java
w: file:///Users/dmitrytsymlyakov/AndroidStudioProjects/FoodHub/node_modules/react-native-webview/android/src/main/java/com/reactnativecommunity/webview/events/TopLoadingProgressEvent.kt:22:42 'RCTEventEmitter' is deprecated. Deprecated in Java
w: file:///Users/dmitrytsymlyakov/AndroidStudioProjects/FoodHub/node_modules/react-native-webview/android/src/main/java/com/reactnativecommunity/webview/events/TopLoadingProgressEvent.kt:23:21 'receiveEvent(Int, String!, WritableMap?): Unit' is deprecated. Deprecated in Java
w: file:///Users/dmitrytsymlyakov/AndroidStudioProjects/FoodHub/node_modules/react-native-webview/android/src/main/java/com/reactnativecommunity/webview/events/TopLoadingStartEvent.kt:5:44 'RCTEventEmitter' is deprecated. Deprecated in Java
w: file:///Users/dmitrytsymlyakov/AndroidStudioProjects/FoodHub/node_modules/react-native-webview/android/src/main/java/com/reactnativecommunity/webview/events/TopLoadingStartEvent.kt:11:3 'constructor Event<T : Event<(raw) Event<*>>!>(Int)' is deprecated. Deprecated in Java
w: file:///Users/dmitrytsymlyakov/AndroidStudioProjects/FoodHub/node_modules/react-native-webview/android/src/main/java/com/reactnativecommunity/webview/events/TopLoadingStartEvent.kt:22:42 'RCTEventEmitter' is deprecated. Deprecated in Java
w: file:///Users/dmitrytsymlyakov/AndroidStudioProjects/FoodHub/node_modules/react-native-webview/android/src/main/java/com/reactnativecommunity/webview/events/TopLoadingStartEvent.kt:23:21 'receiveEvent(Int, String!, WritableMap?): Unit' is deprecated. Deprecated in Java
w: file:///Users/dmitrytsymlyakov/AndroidStudioProjects/FoodHub/node_modules/react-native-webview/android/src/main/java/com/reactnativecommunity/webview/events/TopMessageEvent.kt:5:44 'RCTEventEmitter' is deprecated. Deprecated in Java
w: file:///Users/dmitrytsymlyakov/AndroidStudioProjects/FoodHub/node_modules/react-native-webview/android/src/main/java/com/reactnativecommunity/webview/events/TopMessageEvent.kt:10:75 'constructor Event<T : Event<(raw) Event<*>>!>(Int)' is deprecated. Deprecated in Java
w: file:///Users/dmitrytsymlyakov/AndroidStudioProjects/FoodHub/node_modules/react-native-webview/android/src/main/java/com/reactnativecommunity/webview/events/TopMessageEvent.kt:21:42 'RCTEventEmitter' is deprecated. Deprecated in Java
w: file:///Users/dmitrytsymlyakov/AndroidStudioProjects/FoodHub/node_modules/react-native-webview/android/src/main/java/com/reactnativecommunity/webview/events/TopMessageEvent.kt:22:21 'receiveEvent(Int, String!, WritableMap?): Unit' is deprecated. Deprecated in Java
w: file:///Users/dmitrytsymlyakov/AndroidStudioProjects/FoodHub/node_modules/react-native-webview/android/src/main/java/com/reactnativecommunity/webview/events/TopNewWindowEvent.kt:5:44 'RCTEventEmitter' is deprecated. Deprecated in Java
w: file:///Users/dmitrytsymlyakov/AndroidStudioProjects/FoodHub/node_modules/react-native-webview/android/src/main/java/com/reactnativecommunity/webview/events/TopNewWindowEvent.kt:11:3 'constructor Event<T : Event<(raw) Event<*>>!>(Int)' is deprecated. Deprecated in Java
w: file:///Users/dmitrytsymlyakov/AndroidStudioProjects/FoodHub/node_modules/react-native-webview/android/src/main/java/com/reactnativecommunity/webview/events/TopNewWindowEvent.kt:22:42 'RCTEventEmitter' is deprecated. Deprecated in Java
w: file:///Users/dmitrytsymlyakov/AndroidStudioProjects/FoodHub/node_modules/react-native-webview/android/src/main/java/com/reactnativecommunity/webview/events/TopNewWindowEvent.kt:23:21 'receiveEvent(Int, String!, WritableMap?): Unit' is deprecated. Deprecated in Java
w: file:///Users/dmitrytsymlyakov/AndroidStudioProjects/FoodHub/node_modules/react-native-webview/android/src/main/java/com/reactnativecommunity/webview/events/TopRenderProcessGoneEvent.kt:5:44 'RCTEventEmitter' is deprecated. Deprecated in Java
w: file:///Users/dmitrytsymlyakov/AndroidStudioProjects/FoodHub/node_modules/react-native-webview/android/src/main/java/com/reactnativecommunity/webview/events/TopRenderProcessGoneEvent.kt:12:3 'constructor Event<T : Event<(raw) Event<*>>!>(Int)' is deprecated. Deprecated in Java
w: file:///Users/dmitrytsymlyakov/AndroidStudioProjects/FoodHub/node_modules/react-native-webview/android/src/main/java/com/reactnativecommunity/webview/events/TopRenderProcessGoneEvent.kt:23:42 'RCTEventEmitter' is deprecated. Deprecated in Java
w: file:///Users/dmitrytsymlyakov/AndroidStudioProjects/FoodHub/node_modules/react-native-webview/android/src/main/java/com/reactnativecommunity/webview/events/TopRenderProcessGoneEvent.kt:24:21 'receiveEvent(Int, String!, WritableMap?): Unit' is deprecated. Deprecated in Java
w: file:///Users/dmitrytsymlyakov/AndroidStudioProjects/FoodHub/node_modules/react-native-webview/android/src/main/java/com/reactnativecommunity/webview/events/TopShouldStartLoadWithRequestEvent.kt:5:44 'RCTEventEmitter' is deprecated. Deprecated in Java
w: file:///Users/dmitrytsymlyakov/AndroidStudioProjects/FoodHub/node_modules/react-native-webview/android/src/main/java/com/reactnativecommunity/webview/events/TopShouldStartLoadWithRequestEvent.kt:10:89 'constructor Event<T : Event<(raw) Event<*>>!>(Int)' is deprecated. Deprecated in Java
w: file:///Users/dmitrytsymlyakov/AndroidStudioProjects/FoodHub/node_modules/react-native-webview/android/src/main/java/com/reactnativecommunity/webview/events/TopShouldStartLoadWithRequestEvent.kt:27:42 'RCTEventEmitter' is deprecated. Deprecated in Java
w: file:///Users/dmitrytsymlyakov/AndroidStudioProjects/FoodHub/node_modules/react-native-webview/android/src/main/java/com/reactnativecommunity/webview/events/TopShouldStartLoadWithRequestEvent.kt:28:21 'receiveEvent(Int, String!, WritableMap?): Unit' is deprecated. Deprecated in Java

> Task :react-native-safe-area-context:compileReleaseJavaWithJavac
Note: /Users/dmitrytsymlyakov/AndroidStudioProjects/FoodHub/node_modules/react-native-safe-area-context/android/src/paper/java/com/th3rdwave/safeareacontext/NativeSafeAreaContextSpec.java uses or overrides a deprecated API.
Note: Recompile with -Xlint:deprecation for details.

> Task :react-native-safe-area-context:mergeReleaseGeneratedProguardFiles
> Task :react-native-safe-area-context:mergeReleaseConsumerProguardFiles
> Task :react-native-safe-area-context:processReleaseJavaRes
> Task :react-native-safe-area-context:mergeReleaseJavaResource
> Task :react-native-webview:extractReleaseAnnotations
> Task :react-native-safe-area-context:syncReleaseLibJars
> Task :react-native-safe-area-context:bundleReleaseLocalLintAar

> Task :react-native-webview:compileReleaseJavaWithJavac
Note: Some input files use or override a deprecated API.
Note: Recompile with -Xlint:deprecation for details.

> Task :react-native-webview:mergeReleaseGeneratedProguardFiles
> Task :react-native-webview:mergeReleaseConsumerProguardFiles
> Task :react-native-webview:processReleaseJavaRes
> Task :react-native-webview:mergeReleaseJavaResource
> Task :expo-modules-core:configureCMakeRelWithDebInfo[x86]
> Task :react-native-webview:syncReleaseLibJars
> Task :react-native-webview:bundleReleaseLocalLintAar
> Task :expo-modules-core:buildCMakeRelWithDebInfo[x86]
> Task :expo-modules-core:configureCMakeRelWithDebInfo[x86_64]
> Task :expo-modules-core:buildCMakeRelWithDebInfo[x86_64]
> Task :expo-modules-core:mergeReleaseJniLibFolders
> Task :expo-modules-core:extractDeepLinksForAarRelease
> Task :expo-modules-core:mergeReleaseShaders
> Task :expo-modules-core:compileReleaseShaders NO-SOURCE
> Task :expo-modules-core:generateReleaseAssets UP-TO-DATE
> Task :expo-modules-core:packageReleaseAssets
> Task :expo-modules-core:prepareLintJarForPublish
> Task :expo-modules-core:prepareReleaseArtProfile
> Task :expo-modules-core:writeReleaseAarMetadata
> Task :app:buildKotlinToolingMetadata
> Task :app:generateCodegenSchemaFromJavaScript SKIPPED
> Task :app:generateCodegenArtifactsFromSchema SKIPPED
> Task :app:generatePackageList
> Task :app:preBuild
> Task :app:preReleaseBuild
> Task :app:generateReleaseBuildConfig
> Task :app:checkReleaseAarMetadata
> Task :expo-modules-core:mergeReleaseNativeLibs

> Task :react-native-screens:compileReleaseKotlin
w: file:///Users/dmitrytsymlyakov/AndroidStudioProjects/FoodHub/node_modules/react-native-screens/android/src/main/java/com/swmansion/rnscreens/ScreenContainerViewManager.kt:5:46 'ReactModule' is deprecated. Deprecated in Java
w: file:///Users/dmitrytsymlyakov/AndroidStudioProjects/FoodHub/node_modules/react-native-screens/android/src/main/java/com/swmansion/rnscreens/ScreenContainerViewManager.kt:10:2 'ReactModule' is deprecated. Deprecated in Java
w: file:///Users/dmitrytsymlyakov/AndroidStudioProjects/FoodHub/node_modules/react-native-screens/android/src/main/java/com/swmansion/rnscreens/ScreenStackFragment.kt:65:28 'setter for targetElevation: Float' is deprecated. Deprecated in Java
w: file:///Users/dmitrytsymlyakov/AndroidStudioProjects/FoodHub/node_modules/react-native-screens/android/src/main/java/com/swmansion/rnscreens/ScreenStackFragment.kt:128:28 'setter for targetElevation: Float' is deprecated. Deprecated in Java
w: file:///Users/dmitrytsymlyakov/AndroidStudioProjects/FoodHub/node_modules/react-native-screens/android/src/main/java/com/swmansion/rnscreens/ScreenStackHeaderConfig.kt:86:34 'getter for systemWindowInsetTop: Int' is deprecated. Deprecated in Java
w: file:///Users/dmitrytsymlyakov/AndroidStudioProjects/FoodHub/node_modules/react-native-screens/android/src/main/java/com/swmansion/rnscreens/ScreenStackHeaderConfig.kt:229:37 'setColorFilter(Int, PorterDuff.Mode): Unit' is deprecated. Deprecated in Java
w: file:///Users/dmitrytsymlyakov/AndroidStudioProjects/FoodHub/node_modules/react-native-screens/android/src/main/java/com/swmansion/rnscreens/ScreenStackHeaderConfigViewManager.kt:7:46 'ReactModule' is deprecated. Deprecated in Java
w: file:///Users/dmitrytsymlyakov/AndroidStudioProjects/FoodHub/node_modules/react-native-screens/android/src/main/java/com/swmansion/rnscreens/ScreenStackHeaderConfigViewManager.kt:18:2 'ReactModule' is deprecated. Deprecated in Java
w: file:///Users/dmitrytsymlyakov/AndroidStudioProjects/FoodHub/node_modules/react-native-screens/android/src/main/java/com/swmansion/rnscreens/ScreenStackHeaderSubviewManager.kt:4:46 'ReactModule' is deprecated. Deprecated in Java
w: file:///Users/dmitrytsymlyakov/AndroidStudioProjects/FoodHub/node_modules/react-native-screens/android/src/main/java/com/swmansion/rnscreens/ScreenStackHeaderSubviewManager.kt:12:2 'ReactModule' is deprecated. Deprecated in Java
w: file:///Users/dmitrytsymlyakov/AndroidStudioProjects/FoodHub/node_modules/react-native-screens/android/src/main/java/com/swmansion/rnscreens/ScreenStackViewManager.kt:6:46 'ReactModule' is deprecated. Deprecated in Java
w: file:///Users/dmitrytsymlyakov/AndroidStudioProjects/FoodHub/node_modules/react-native-screens/android/src/main/java/com/swmansion/rnscreens/ScreenStackViewManager.kt:15:2 'ReactModule' is deprecated. Deprecated in Java
w: file:///Users/dmitrytsymlyakov/AndroidStudioProjects/FoodHub/node_modules/react-native-screens/android/src/main/java/com/swmansion/rnscreens/ScreenViewManager.kt:6:46 'ReactModule' is deprecated. Deprecated in Java
w: file:///Users/dmitrytsymlyakov/AndroidStudioProjects/FoodHub/node_modules/react-native-screens/android/src/main/java/com/swmansion/rnscreens/ScreenViewManager.kt:24:2 'ReactModule' is deprecated. Deprecated in Java
w: file:///Users/dmitrytsymlyakov/AndroidStudioProjects/FoodHub/node_modules/react-native-screens/android/src/main/java/com/swmansion/rnscreens/ScreenViewManager.kt:47:42 'setStateWrapper(StateWrapper!): Unit' is deprecated. Deprecated in Java
w: file:///Users/dmitrytsymlyakov/AndroidStudioProjects/FoodHub/node_modules/react-native-screens/android/src/main/java/com/swmansion/rnscreens/ScreenWindowTraits.kt:137:47 'replaceSystemWindowInsets(Int, Int, Int, Int): WindowInsetsCompat' is deprecated. Deprecated in Java
w: file:///Users/dmitrytsymlyakov/AndroidStudioProjects/FoodHub/node_modules/react-native-screens/android/src/main/java/com/swmansion/rnscreens/ScreenWindowTraits.kt:138:51 'getter for systemWindowInsetLeft: Int' is deprecated. Deprecated in Java
w: file:///Users/dmitrytsymlyakov/AndroidStudioProjects/FoodHub/node_modules/react-native-screens/android/src/main/java/com/swmansion/rnscreens/ScreenWindowTraits.kt:140:51 'getter for systemWindowInsetRight: Int' is deprecated. Deprecated in Java
w: file:///Users/dmitrytsymlyakov/AndroidStudioProjects/FoodHub/node_modules/react-native-screens/android/src/main/java/com/swmansion/rnscreens/ScreenWindowTraits.kt:141:51 'getter for systemWindowInsetBottom: Int' is deprecated. Deprecated in Java
w: file:///Users/dmitrytsymlyakov/AndroidStudioProjects/FoodHub/node_modules/react-native-screens/android/src/main/java/com/swmansion/rnscreens/SearchBarManager.kt:6:46 'ReactModule' is deprecated. Deprecated in Java
w: file:///Users/dmitrytsymlyakov/AndroidStudioProjects/FoodHub/node_modules/react-native-screens/android/src/main/java/com/swmansion/rnscreens/SearchBarManager.kt:17:2 'ReactModule' is deprecated. Deprecated in Java
w: file:///Users/dmitrytsymlyakov/AndroidStudioProjects/FoodHub/node_modules/react-native-screens/android/src/main/java/com/swmansion/rnscreens/SearchBarManager.kt:100:22 Parameter 'view' is never used
w: file:///Users/dmitrytsymlyakov/AndroidStudioProjects/FoodHub/node_modules/react-native-screens/android/src/main/java/com/swmansion/rnscreens/SearchBarManager.kt:100:43 Parameter 'placeholder' is never used
w: file:///Users/dmitrytsymlyakov/AndroidStudioProjects/FoodHub/node_modules/react-native-screens/android/src/main/java/com/swmansion/rnscreens/SearchBarView.kt:147:43 Parameter 'flag' is never used
w: file:///Users/dmitrytsymlyakov/AndroidStudioProjects/FoodHub/node_modules/react-native-screens/android/src/main/java/com/swmansion/rnscreens/events/HeaderHeightChangeEvent.kt:5:44 'RCTEventEmitter' is deprecated. Deprecated in Java
w: file:///Users/dmitrytsymlyakov/AndroidStudioProjects/FoodHub/node_modules/react-native-screens/android/src/main/java/com/swmansion/rnscreens/events/HeaderHeightChangeEvent.kt:10:5 'constructor Event<T : Event<(raw) Event<*>>!>(Int)' is deprecated. Deprecated in Java
w: file:///Users/dmitrytsymlyakov/AndroidStudioProjects/FoodHub/node_modules/react-native-screens/android/src/main/java/com/swmansion/rnscreens/events/HeaderHeightChangeEvent.kt:17:44 'RCTEventEmitter' is deprecated. Deprecated in Java
w: file:///Users/dmitrytsymlyakov/AndroidStudioProjects/FoodHub/node_modules/react-native-screens/android/src/main/java/com/swmansion/rnscreens/events/HeaderHeightChangeEvent.kt:20:25 'receiveEvent(Int, String!, WritableMap?): Unit' is deprecated. Deprecated in Java
w: file:///Users/dmitrytsymlyakov/AndroidStudioProjects/FoodHub/node_modules/react-native-screens/android/src/paper/java/com/swmansion/rnscreens/FabricEnabledViewGroup.kt:5:37 'FabricViewStateManager' is deprecated. Deprecated in Java
w: file:///Users/dmitrytsymlyakov/AndroidStudioProjects/FoodHub/node_modules/react-native-screens/android/src/paper/java/com/swmansion/rnscreens/FabricEnabledViewGroup.kt:9:48 'FabricViewStateManager' is deprecated. Deprecated in Java
w: file:///Users/dmitrytsymlyakov/AndroidStudioProjects/FoodHub/node_modules/react-native-screens/android/src/paper/java/com/swmansion/rnscreens/FabricEnabledViewGroup.kt:11:42 Parameter 'width' is never used
w: file:///Users/dmitrytsymlyakov/AndroidStudioProjects/FoodHub/node_modules/react-native-screens/android/src/paper/java/com/swmansion/rnscreens/FabricEnabledViewGroup.kt:11:54 Parameter 'height' is never used

> Task :app:createBundleReleaseJsAndAssets
transform[stderr]: (node:56490) Warning: The 'NO_COLOR' env is ignored due to the 'FORCE_COLOR' env being set.
transform[stderr]: (Use `node --trace-warnings ...` to show where the warning was created)
transform[stderr]: (node:56493) Warning: The 'NO_COLOR' env is ignored due to the 'FORCE_COLOR' env being set.
transform[stderr]: (Use `node --trace-warnings ...` to show where the warning was created)
transform[stderr]: (node:56496) Warning: The 'NO_COLOR' env is ignored due to the 'FORCE_COLOR' env being set.
transform[stderr]: (Use `node --trace-warnings ...` to show where the warning was created)
transform[stderr]: (node:56495) Warning: The 'NO_COLOR' env is ignored due to the 'FORCE_COLOR' env being set.
transform[stderr]: (Use `node --trace-warnings ...` to show where the warning was created)
transform[stderr]: (node:56489) Warning: The 'NO_COLOR' env is ignored due to the 'FORCE_COLOR' env being set.
transform[stderr]: (Use `node --trace-warnings ...` to show where the warning was created)
transform[stderr]: (node:56492) Warning: The 'NO_COLOR' env is ignored due to the 'FORCE_COLOR' env being set.
transform[stderr]: (Use `node --trace-warnings ...` to show where the warning was created)
transform[stderr]: (node:56491) Warning: The 'NO_COLOR' env is ignored due to the 'FORCE_COLOR' env being set.
transform[stderr]: (Use `node --trace-warnings ...` to show where the warning was created)
transform[stderr]: (node:56494) Warning: The 'NO_COLOR' env is ignored due to the 'FORCE_COLOR' env being set.
transform[stderr]: (Use `node --trace-warnings ...` to show where the warning was created)
Error: Unable to resolve module ../constants/colors from /Users/dmitrytsymlyakov/AndroidStudioProjects/FoodHub/src/screens/auth/RegisterScreen.tsx: 

None of these files exist:
  * src/screens/constants/colors(.android.ts|.native.ts|.ts|.android.tsx|.native.tsx|.tsx|.android.mjs|.native.mjs|.mjs|.android.js|.native.js|.js|.android.jsx|.native.jsx|.jsx|.android.json|.native.json|.json|.android.cjs|.native.cjs|.cjs|.android.scss|.native.scss|.scss|.android.sass|.native.sass|.sass|.android.css|.native.css|.css)
  * src/screens/constants/colors
[0m [90m 14 |[39m [36mimport[39m { [33mButton[39m[33m,[39m [33mInput[39m } [36mfrom[39m [32m'../../components'[39m[33m;[39m
 [90m 15 |[39m [36mimport[39m { [33mTheme[39m } [36mfrom[39m [32m'../../constants/theme'[39m[33m;[39m
[31m[1m>[22m[39m[90m 16 |[39m [36mimport[39m { [33mColors[39m } [36mfrom[39m [32m'../constants/colors'[39m[33m;[39m
 [90m    |[39m                         [31m[1m^[22m[39m
 [90m 17 |[39m [36mimport[39m { useAppDispatch[33m,[39m useAppSelector } [36mfrom[39m [32m'../../store'[39m[33m;[39m
 [90m 18 |[39m [36mimport[39m { register } [36mfrom[39m [32m'../../store/slices/authSlice'[39m[33m;[39m
 [90m 19 |[39m [36mimport[39m { validateRegisterForm } [36mfrom[39m [32m'../../utils/validation'[39m[33m;[39m[0m
Error: Unable to resolve module ../constants/colors from /Users/dmitrytsymlyakov/AndroidStudioProjects/FoodHub/src/screens/auth/RegisterScreen.tsx: 

None of these files exist:
  * src/screens/constants/colors(.android.ts|.native.ts|.ts|.android.tsx|.native.tsx|.tsx|.android.mjs|.native.mjs|.mjs|.android.js|.native.js|.js|.android.jsx|.native.jsx|.jsx|.android.json|.native.json|.json|.android.cjs|.native.cjs|.cjs|.android.scss|.native.scss|.scss|.android.sass|.native.sass|.sass|.android.css|.native.css|.css)
  * src/screens/constants/colors
[0m [90m 14 |[39m [36mimport[39m { [33mButton[39m[33m,[39m [33mInput[39m } [36mfrom[39m [32m'../../components'[39m[33m;[39m
 [90m 15 |[39m [36mimport[39m { [33mTheme[39m } [36mfrom[39m [32m'../../constants/theme'[39m[33m;[39m
[31m[1m>[22m[39m[90m 16 |[39m [36mimport[39m { [33mColors[39m } [36mfrom[39m [32m'../constants/colors'[39m[33m;[39m
 [90m    |[39m                         [31m[1m^[22m[39m
 [90m 17 |[39m [36mimport[39m { useAppDispatch[33m,[39m useAppSelector } [36mfrom[39m [32m'../../store'[39m[33m;[39m
 [90m 18 |[39m [36mimport[39m { register } [36mfrom[39m [32m'../../store/slices/authSlice'[39m[33m;[39m
 [90m 19 |[39m [36mimport[39m { validateRegisterForm } [36mfrom[39m [32m'../../utils/validation'[39m[33m;[39m[0m
    at ModuleResolver.resolveDependency (/Users/dmitrytsymlyakov/AndroidStudioProjects/FoodHub/node_modules/metro/src/node-haste/DependencyGraph/ModuleResolution.js:112:15)
    at DependencyGraph.resolveDependency (/Users/dmitrytsymlyakov/AndroidStudioProjects/FoodHub/node_modules/metro/src/node-haste/DependencyGraph.js:232:43)
    at /Users/dmitrytsymlyakov/AndroidStudioProjects/FoodHub/node_modules/metro/src/lib/transformHelpers.js:156:21
    at resolveDependencies (/Users/dmitrytsymlyakov/AndroidStudioProjects/FoodHub/node_modules/metro/src/DeltaBundler/buildSubgraph.js:42:25)
    at visit (/Users/dmitrytsymlyakov/AndroidStudioProjects/FoodHub/node_modules/metro/src/DeltaBundler/buildSubgraph.js:83:30)
    at process.processTicksAndRejections (node:internal/process/task_queues:103:5)
    at async Promise.all (index 9)
    at async visit (/Users/dmitrytsymlyakov/AndroidStudioProjects/FoodHub/node_modules/metro/src/DeltaBundler/buildSubgraph.js:92:5)
    at async Promise.all (index 6)
    at async visit (/Users/dmitrytsymlyakov/AndroidStudioProjects/FoodHub/node_modules/metro/src/DeltaBundler/buildSubgraph.js:92:5)

> Task :app:createBundleReleaseJsAndAssets FAILED

> Task :expo-modules-core:compileReleaseKotlin
w: file:///Users/dmitrytsymlyakov/AndroidStudioProjects/FoodHub/node_modules/expo-modules-core/android/src/main/java/expo/modules/core/utilities/EmulatorUtilities.kt:30:13 'SERIAL: String!' is deprecated. Deprecated in Java
w: file:///Users/dmitrytsymlyakov/AndroidStudioProjects/FoodHub/node_modules/expo-modules-core/android/src/main/java/expo/modules/kotlin/AppContext.kt:151:13 Variable 'catalystInstance' is never used
w: file:///Users/dmitrytsymlyakov/AndroidStudioProjects/FoodHub/node_modules/expo-modules-core/android/src/main/java/expo/modules/kotlin/ExpoModulesHelper.kt:11:21 'newInstance(): T!' is deprecated. Deprecated in Java
w: file:///Users/dmitrytsymlyakov/AndroidStudioProjects/FoodHub/node_modules/expo-modules-core/android/src/main/java/expo/modules/kotlin/Promise.kt:72:18 This declaration overrides deprecated member but not marked as deprecated itself. This deprecation won't be inherited in future releases. Please add @Deprecated annotation or suppress. See https://youtrack.jetbrains.com/issue/KT-47902 for details
w: file:///Users/dmitrytsymlyakov/AndroidStudioProjects/FoodHub/node_modules/expo-modules-core/android/src/main/java/expo/modules/kotlin/Utils.kt:8:3 Expected performance impact from inlining is insignificant. Inlining works best for functions with parameters of functional types
w: file:///Users/dmitrytsymlyakov/AndroidStudioProjects/FoodHub/node_modules/expo-modules-core/android/src/main/java/expo/modules/kotlin/activityresult/ActivityResultsManager.kt:51:24 Parameter 'activity' is never used
w: file:///Users/dmitrytsymlyakov/AndroidStudioProjects/FoodHub/node_modules/expo-modules-core/android/src/main/java/expo/modules/kotlin/activityresult/AppContextActivityResultRegistry.kt:119:51 'getParcelableExtra(String!): T?' is deprecated. Deprecated in Java
w: file:///Users/dmitrytsymlyakov/AndroidStudioProjects/FoodHub/node_modules/expo-modules-core/android/src/main/java/expo/modules/kotlin/activityresult/AppContextActivityResultRegistry.kt:186:26 'getParcelable(String?): T?' is deprecated. Deprecated in Java
w: file:///Users/dmitrytsymlyakov/AndroidStudioProjects/FoodHub/node_modules/expo-modules-core/android/src/main/java/expo/modules/kotlin/activityresult/AppContextActivityResultRegistry.kt:277:83 'getParcelable(String?): T?' is deprecated. Deprecated in Java
w: file:///Users/dmitrytsymlyakov/AndroidStudioProjects/FoodHub/node_modules/expo-modules-core/android/src/main/java/expo/modules/kotlin/activityresult/DataPersistor.kt:67:20 'getSerializable(String?): Serializable?' is deprecated. Deprecated in Java
w: file:///Users/dmitrytsymlyakov/AndroidStudioProjects/FoodHub/node_modules/expo-modules-core/android/src/main/java/expo/modules/kotlin/activityresult/DataPersistor.kt:85:26 'getSerializable(String?): Serializable?' is deprecated. Deprecated in Java
w: file:///Users/dmitrytsymlyakov/AndroidStudioProjects/FoodHub/node_modules/expo-modules-core/android/src/main/java/expo/modules/kotlin/devtools/cdp/CdpNetworkTypes.kt:186:54 Parameter 'request' is never used
w: file:///Users/dmitrytsymlyakov/AndroidStudioProjects/FoodHub/node_modules/expo-modules-core/android/src/main/java/expo/modules/kotlin/devtools/cdp/CdpNetworkTypes.kt:210:54 Parameter 'request' is never used
w: file:///Users/dmitrytsymlyakov/AndroidStudioProjects/FoodHub/node_modules/expo-modules-core/android/src/main/java/expo/modules/kotlin/devtools/cdp/CdpNetworkTypes.kt:230:15 Parameter 'now' is never used
w: file:///Users/dmitrytsymlyakov/AndroidStudioProjects/FoodHub/node_modules/expo-modules-core/android/src/main/java/expo/modules/kotlin/devtools/cdp/CdpNetworkTypes.kt:230:54 Parameter 'request' is never used
w: file:///Users/dmitrytsymlyakov/AndroidStudioProjects/FoodHub/node_modules/expo-modules-core/android/src/main/java/expo/modules/kotlin/events/KModuleEventEmitterWrapper.kt:90:7 'constructor Event<T : Event<(raw) Event<*>>!>(Int)' is deprecated. Deprecated in Java
w: file:///Users/dmitrytsymlyakov/AndroidStudioProjects/FoodHub/node_modules/expo-modules-core/android/src/main/java/expo/modules/kotlin/jni/JavaScriptObject.kt:90:33 Parameter 'null' is never used
w: file:///Users/dmitrytsymlyakov/AndroidStudioProjects/FoodHub/node_modules/expo-modules-core/android/src/main/java/expo/modules/kotlin/jni/JavaScriptObject.kt:91:34 Parameter 'null' is never used
w: file:///Users/dmitrytsymlyakov/AndroidStudioProjects/FoodHub/node_modules/expo-modules-core/android/src/main/java/expo/modules/kotlin/jni/JavaScriptObject.kt:132:5 Parameter 'null' is never used
w: file:///Users/dmitrytsymlyakov/AndroidStudioProjects/FoodHub/node_modules/expo-modules-core/android/src/main/java/expo/modules/kotlin/sharedobjects/SharedObjectRegistry.kt:54:35 Destructured parameter 'js' is never used
w: file:///Users/dmitrytsymlyakov/AndroidStudioProjects/FoodHub/node_modules/expo-modules-core/android/src/main/java/expo/modules/kotlin/tracing/ExpoTrace.kt:33:1 Expected performance impact from inlining is insignificant. Inlining works best for functions with parameters of functional types
w: file:///Users/dmitrytsymlyakov/AndroidStudioProjects/FoodHub/node_modules/expo-modules-core/android/src/main/java/expo/modules/kotlin/tracing/ExpoTrace.kt:40:1 Expected performance impact from inlining is insignificant. Inlining works best for functions with parameters of functional types
w: file:///Users/dmitrytsymlyakov/AndroidStudioProjects/FoodHub/node_modules/expo-modules-core/android/src/main/java/expo/modules/kotlin/tracing/ExpoTrace.kt:50:1 Expected performance impact from inlining is insignificant. Inlining works best for functions with parameters of functional types
w: file:///Users/dmitrytsymlyakov/AndroidStudioProjects/FoodHub/node_modules/expo-modules-core/android/src/main/java/expo/modules/kotlin/tracing/ExpoTrace.kt:56:1 Expected performance impact from inlining is insignificant. Inlining works best for functions with parameters of functional types
w: file:///Users/dmitrytsymlyakov/AndroidStudioProjects/FoodHub/node_modules/expo-modules-core/android/src/main/java/expo/modules/kotlin/types/Either.kt:76:12 Parameter 'type' is never used
w: file:///Users/dmitrytsymlyakov/AndroidStudioProjects/FoodHub/node_modules/expo-modules-core/android/src/main/java/expo/modules/kotlin/types/Either.kt:79:12 Parameter 'type' is never used
w: file:///Users/dmitrytsymlyakov/AndroidStudioProjects/FoodHub/node_modules/expo-modules-core/android/src/main/java/expo/modules/kotlin/types/Either.kt:82:11 Parameter 'type' is never used
w: file:///Users/dmitrytsymlyakov/AndroidStudioProjects/FoodHub/node_modules/expo-modules-core/android/src/main/java/expo/modules/kotlin/types/Either.kt:85:11 Parameter 'type' is never used
w: file:///Users/dmitrytsymlyakov/AndroidStudioProjects/FoodHub/node_modules/expo-modules-core/android/src/main/java/expo/modules/kotlin/types/Either.kt:99:12 Parameter 'type' is never used
w: file:///Users/dmitrytsymlyakov/AndroidStudioProjects/FoodHub/node_modules/expo-modules-core/android/src/main/java/expo/modules/kotlin/types/Either.kt:102:11 Parameter 'type' is never used
w: file:///Users/dmitrytsymlyakov/AndroidStudioProjects/FoodHub/node_modules/expo-modules-core/android/src/main/java/expo/modules/kotlin/types/Either.kt:114:12 Parameter 'type' is never used
w: file:///Users/dmitrytsymlyakov/AndroidStudioProjects/FoodHub/node_modules/expo-modules-core/android/src/main/java/expo/modules/kotlin/types/Either.kt:117:11 Parameter 'type' is never used
w: file:///Users/dmitrytsymlyakov/AndroidStudioProjects/FoodHub/node_modules/expo-modules-core/android/src/main/java/expo/modules/kotlin/types/JSTypeConverterHelper.kt:44:17 'get(String!): Any?' is deprecated. Deprecated in Java
w: file:///Users/dmitrytsymlyakov/AndroidStudioProjects/FoodHub/node_modules/expo-modules-core/android/src/main/java/expo/modules/kotlin/types/TypeConverterProvider.kt:175:46 'newInstance(): T!' is deprecated. Deprecated in Java

FAILURE: Build failed with an exception.

* What went wrong:
Execution failed for task ':app:createBundleReleaseJsAndAssets'.
> Process 'command 'node'' finished with non-zero exit value 1

* Try:
> Run with --stacktrace option to get the stack trace.
> Run with --info or --debug option to get more log output.
> Run with --scan to get full insights.
> Get more help at https://help.gradle.org.

Deprecated Gradle features were used in this build, making it incompatible with Gradle 9.0.

You can use '--warning-mode all' to show the individual deprecation warnings and determine if they come from your own scripts or plugins.

For more on this, please refer to https://docs.gradle.org/8.3/userguide/command_line_interface.html#sec:command_line_warnings in the Gradle documentation.

BUILD FAILED in 44s
323 actionable tasks: 318 executed, 5 up-to-date
