> Task :gradle-plugin:compileKotlin UP-TO-DATE
> Task :gradle-plugin:compileJava NO-SOURCE
> Task :gradle-plugin:pluginDescriptors UP-TO-DATE
> Task :gradle-plugin:processResources UP-TO-DATE
> Task :gradle-plugin:classes UP-TO-DATE
> Task :gradle-plugin:jar UP-TO-DATE
> Task :gradle-plugin:inspectClassesForKotlinIC UP-TO-DATE

> Configure project :expo

Using expo modules
  - [32mexpo-constants[0m (15.4.6)
  - [32mexpo-file-system[0m (16.0.9)
  - [32mexpo-font[0m (11.10.3)
  - [32mexpo-image-loader[0m (4.6.0)
  - [32mexpo-image-picker[0m (14.7.1)
  - [32mexpo-keep-awake[0m (12.8.2)
  - [32mexpo-location[0m (16.5.5)
  - [32mexpo-modules-core[0m (1.11.14)
  - [32mexpo-modules-core$android-annotation-processor[0m (1.11.14)
  - [32mexpo-modules-core$android-annotation[0m (1.11.14)
  - [32mexpo-secure-store[0m (12.8.1)


> Task :react-native-community_slider:preBuild UP-TO-DATE
> Task :react-native-community_slider:preReleaseBuild UP-TO-DATE
> Task :react-native-community_slider:mergeReleaseJniLibFolders UP-TO-DATE
> Task :react-native-community_slider:mergeReleaseNativeLibs NO-SOURCE
> Task :react-native-community_slider:stripReleaseDebugSymbols NO-SOURCE
> Task :react-native-community_slider:copyReleaseJniLibsProjectAndLocalJars UP-TO-DATE
> Task :react-native-community_slider:generateReleaseResValues UP-TO-DATE
> Task :react-native-community_slider:extractDeepLinksForAarRelease UP-TO-DATE
> Task :react-native-community_slider:generateReleaseBuildConfig UP-TO-DATE
> Task :react-native-community_slider:generateReleaseResources UP-TO-DATE
> Task :react-native-community_slider:packageReleaseResources UP-TO-DATE
> Task :react-native-community_slider:parseReleaseLocalResources UP-TO-DATE
> Task :react-native-community_slider:processReleaseManifest UP-TO-DATE
> Task :react-native-community_slider:generateReleaseRFile UP-TO-DATE
> Task :react-native-community_slider:extractReleaseAnnotations UP-TO-DATE
> Task :react-native-community_slider:javaPreCompileRelease UP-TO-DATE
> Task :react-native-community_slider:compileReleaseJavaWithJavac UP-TO-DATE
> Task :react-native-community_slider:mergeReleaseGeneratedProguardFiles UP-TO-DATE
> Task :react-native-community_slider:mergeReleaseConsumerProguardFiles UP-TO-DATE
> Task :react-native-community_slider:mergeReleaseShaders UP-TO-DATE
> Task :react-native-community_slider:compileReleaseShaders NO-SOURCE
> Task :react-native-community_slider:generateReleaseAssets UP-TO-DATE
> Task :react-native-community_slider:packageReleaseAssets UP-TO-DATE
> Task :react-native-community_slider:prepareLintJarForPublish UP-TO-DATE
> Task :react-native-community_slider:prepareReleaseArtProfile UP-TO-DATE
> Task :react-native-community_slider:processReleaseJavaRes NO-SOURCE
> Task :react-native-community_slider:mergeReleaseJavaResource UP-TO-DATE
> Task :react-native-community_slider:syncReleaseLibJars UP-TO-DATE
> Task :react-native-community_slider:writeReleaseAarMetadata UP-TO-DATE
> Task :react-native-community_slider:bundleReleaseLocalLintAar UP-TO-DATE
> Task :expo:generateExpoModulesPackageList UP-TO-DATE
> Task :expo:preBuild UP-TO-DATE
> Task :expo:preReleaseBuild UP-TO-DATE
> Task :expo:mergeReleaseJniLibFolders UP-TO-DATE
> Task :expo:mergeReleaseNativeLibs NO-SOURCE
> Task :expo:stripReleaseDebugSymbols NO-SOURCE
> Task :expo:copyReleaseJniLibsProjectAndLocalJars UP-TO-DATE
> Task :expo:generateReleaseResValues UP-TO-DATE
> Task :expo:extractDeepLinksForAarRelease UP-TO-DATE
> Task :expo-modules-core$android-annotation:compileKotlin UP-TO-DATE
> Task :expo-modules-core$android-annotation:compileJava NO-SOURCE
> Task :expo-modules-core$android-annotation-processor:compileKotlin UP-TO-DATE
> Task :expo-modules-core$android-annotation-processor:compileJava NO-SOURCE
> Task :expo-modules-core$android-annotation-processor:processResources UP-TO-DATE
> Task :expo-modules-core$android-annotation-processor:classes UP-TO-DATE
> Task :expo-modules-core$android-annotation-processor:jar UP-TO-DATE
> Task :expo-modules-core$android-annotation-processor:inspectClassesForKotlinIC UP-TO-DATE
> Task :expo-modules-core$android-annotation:processResources NO-SOURCE
> Task :expo-modules-core$android-annotation:classes UP-TO-DATE
> Task :expo-modules-core$android-annotation:jar UP-TO-DATE
> Task :expo-modules-core$android-annotation:inspectClassesForKotlinIC UP-TO-DATE
> Task :expo:generateReleaseBuildConfig UP-TO-DATE
> Task :expo:generateReleaseResources UP-TO-DATE
> Task :expo:packageReleaseResources UP-TO-DATE
> Task :expo:parseReleaseLocalResources UP-TO-DATE
> Task :expo:processReleaseManifest UP-TO-DATE
> Task :expo:generateReleaseRFile UP-TO-DATE
> Task :expo-constants:createExpoConfig UP-TO-DATE
> Task :expo-constants:preBuild UP-TO-DATE
> Task :expo-constants:preReleaseBuild UP-TO-DATE
> Task :expo-constants:generateReleaseBuildConfig UP-TO-DATE
> Task :expo-constants:generateReleaseResValues UP-TO-DATE
> Task :expo-constants:generateReleaseResources UP-TO-DATE
> Task :expo-constants:packageReleaseResources UP-TO-DATE
> Task :expo-constants:parseReleaseLocalResources UP-TO-DATE
> Task :expo-constants:processReleaseManifest UP-TO-DATE
> Task :expo-constants:generateReleaseRFile UP-TO-DATE
> Task :expo-modules-core:preBuild UP-TO-DATE
> Task :expo-modules-core:preReleaseBuild UP-TO-DATE
> Task :expo-modules-core:generateReleaseBuildConfig UP-TO-DATE
> Task :expo-modules-core:generateReleaseResValues UP-TO-DATE
> Task :expo-modules-core:generateReleaseResources UP-TO-DATE
> Task :expo-modules-core:packageReleaseResources UP-TO-DATE
> Task :expo-modules-core:parseReleaseLocalResources UP-TO-DATE
> Task :expo-modules-core:processReleaseManifest UP-TO-DATE
> Task :expo-modules-core:generateReleaseRFile UP-TO-DATE
> Task :expo-modules-core:compileReleaseKotlin UP-TO-DATE
> Task :expo-modules-core:javaPreCompileRelease UP-TO-DATE
> Task :expo-modules-core:compileReleaseJavaWithJavac UP-TO-DATE
> Task :expo-modules-core:bundleLibCompileToJarRelease UP-TO-DATE
> Task :expo-constants:compileReleaseKotlin UP-TO-DATE
> Task :expo-constants:javaPreCompileRelease UP-TO-DATE
> Task :expo-constants:compileReleaseJavaWithJavac UP-TO-DATE
> Task :expo-constants:bundleLibCompileToJarRelease UP-TO-DATE
> Task :expo-file-system:preBuild UP-TO-DATE
> Task :expo-file-system:preReleaseBuild UP-TO-DATE
> Task :expo-file-system:generateReleaseBuildConfig UP-TO-DATE
> Task :expo-file-system:generateReleaseResValues UP-TO-DATE
> Task :expo-file-system:generateReleaseResources UP-TO-DATE
> Task :expo-file-system:packageReleaseResources UP-TO-DATE
> Task :expo-file-system:parseReleaseLocalResources UP-TO-DATE
> Task :expo-file-system:processReleaseManifest UP-TO-DATE
> Task :expo-file-system:generateReleaseRFile UP-TO-DATE
> Task :expo-file-system:compileReleaseKotlin UP-TO-DATE
> Task :expo-file-system:javaPreCompileRelease UP-TO-DATE
> Task :expo-file-system:compileReleaseJavaWithJavac UP-TO-DATE
> Task :expo-file-system:bundleLibCompileToJarRelease UP-TO-DATE
> Task :expo-font:preBuild UP-TO-DATE
> Task :expo-font:preReleaseBuild UP-TO-DATE
> Task :expo-font:generateReleaseBuildConfig UP-TO-DATE
> Task :expo-font:generateReleaseResValues UP-TO-DATE
> Task :expo-font:generateReleaseResources UP-TO-DATE
> Task :expo-font:packageReleaseResources UP-TO-DATE
> Task :expo-font:parseReleaseLocalResources UP-TO-DATE
> Task :expo-font:processReleaseManifest UP-TO-DATE
> Task :expo-font:generateReleaseRFile UP-TO-DATE
> Task :expo-font:compileReleaseKotlin UP-TO-DATE
> Task :expo-font:javaPreCompileRelease UP-TO-DATE
> Task :expo-font:compileReleaseJavaWithJavac UP-TO-DATE
> Task :expo-font:bundleLibCompileToJarRelease UP-TO-DATE
> Task :expo-image-loader:preBuild UP-TO-DATE
> Task :expo-image-loader:preReleaseBuild UP-TO-DATE
> Task :expo-image-loader:generateReleaseBuildConfig UP-TO-DATE
> Task :expo-image-loader:generateReleaseResValues UP-TO-DATE
> Task :expo-image-loader:generateReleaseResources UP-TO-DATE
> Task :expo-image-loader:packageReleaseResources UP-TO-DATE
> Task :expo-image-loader:parseReleaseLocalResources UP-TO-DATE
> Task :expo-image-loader:processReleaseManifest UP-TO-DATE
> Task :expo-image-loader:generateReleaseRFile UP-TO-DATE
> Task :expo-image-loader:compileReleaseKotlin UP-TO-DATE
> Task :expo-image-loader:javaPreCompileRelease UP-TO-DATE
> Task :expo-image-loader:compileReleaseJavaWithJavac UP-TO-DATE
> Task :expo-image-loader:bundleLibCompileToJarRelease UP-TO-DATE
> Task :expo-image-picker:preBuild UP-TO-DATE
> Task :expo-image-picker:preReleaseBuild UP-TO-DATE
> Task :expo-image-picker:generateReleaseBuildConfig UP-TO-DATE
> Task :expo-image-picker:generateReleaseResValues UP-TO-DATE
> Task :expo-image-picker:generateReleaseResources UP-TO-DATE
> Task :expo-image-picker:packageReleaseResources UP-TO-DATE
> Task :expo-image-picker:parseReleaseLocalResources UP-TO-DATE
> Task :expo-image-picker:processReleaseManifest UP-TO-DATE
> Task :expo-image-picker:generateReleaseRFile UP-TO-DATE
> Task :expo-image-picker:compileReleaseKotlin UP-TO-DATE
> Task :expo-image-picker:javaPreCompileRelease UP-TO-DATE
> Task :expo-image-picker:compileReleaseJavaWithJavac UP-TO-DATE
> Task :expo-image-picker:bundleLibCompileToJarRelease UP-TO-DATE
> Task :expo-keep-awake:preBuild UP-TO-DATE
> Task :expo-keep-awake:preReleaseBuild UP-TO-DATE
> Task :expo-keep-awake:generateReleaseBuildConfig UP-TO-DATE
> Task :expo-keep-awake:generateReleaseResValues UP-TO-DATE
> Task :expo-keep-awake:generateReleaseResources UP-TO-DATE
> Task :expo-keep-awake:packageReleaseResources UP-TO-DATE
> Task :expo-keep-awake:parseReleaseLocalResources UP-TO-DATE
> Task :expo-keep-awake:processReleaseManifest UP-TO-DATE
> Task :expo-keep-awake:generateReleaseRFile UP-TO-DATE
> Task :expo-keep-awake:compileReleaseKotlin UP-TO-DATE
> Task :expo-keep-awake:javaPreCompileRelease UP-TO-DATE
> Task :expo-keep-awake:compileReleaseJavaWithJavac UP-TO-DATE
> Task :expo-keep-awake:bundleLibCompileToJarRelease UP-TO-DATE
> Task :expo-location:preBuild UP-TO-DATE
> Task :expo-location:preReleaseBuild UP-TO-DATE
> Task :expo-location:generateReleaseBuildConfig UP-TO-DATE
> Task :expo-location:generateReleaseResValues UP-TO-DATE
> Task :expo-location:generateReleaseResources UP-TO-DATE
> Task :expo-location:packageReleaseResources UP-TO-DATE
> Task :expo-location:parseReleaseLocalResources UP-TO-DATE
> Task :expo-location:processReleaseManifest UP-TO-DATE
> Task :expo-location:generateReleaseRFile UP-TO-DATE
> Task :expo-location:compileReleaseKotlin UP-TO-DATE
> Task :expo-location:javaPreCompileRelease UP-TO-DATE
> Task :expo-location:compileReleaseJavaWithJavac UP-TO-DATE
> Task :expo-location:bundleLibCompileToJarRelease UP-TO-DATE
> Task :expo-secure-store:preBuild UP-TO-DATE
> Task :expo-secure-store:preReleaseBuild UP-TO-DATE
> Task :expo-secure-store:generateReleaseBuildConfig UP-TO-DATE
> Task :expo-secure-store:generateReleaseResValues UP-TO-DATE
> Task :expo-secure-store:generateReleaseResources UP-TO-DATE
> Task :expo-secure-store:packageReleaseResources UP-TO-DATE
> Task :expo-secure-store:parseReleaseLocalResources UP-TO-DATE
> Task :expo-secure-store:processReleaseManifest UP-TO-DATE
> Task :expo-secure-store:generateReleaseRFile UP-TO-DATE
> Task :expo-secure-store:compileReleaseKotlin UP-TO-DATE
> Task :expo-secure-store:javaPreCompileRelease UP-TO-DATE
> Task :expo-secure-store:compileReleaseJavaWithJavac UP-TO-DATE
> Task :expo-secure-store:bundleLibCompileToJarRelease UP-TO-DATE
> Task :expo:compileReleaseKotlin UP-TO-DATE
> Task :expo:extractReleaseAnnotations UP-TO-DATE
> Task :expo:javaPreCompileRelease UP-TO-DATE
> Task :expo:compileReleaseJavaWithJavac UP-TO-DATE
> Task :expo:mergeReleaseGeneratedProguardFiles UP-TO-DATE
> Task :expo:mergeReleaseConsumerProguardFiles UP-TO-DATE
> Task :expo:mergeReleaseShaders UP-TO-DATE
> Task :expo:compileReleaseShaders NO-SOURCE
> Task :expo:generateReleaseAssets UP-TO-DATE
> Task :expo:packageReleaseAssets UP-TO-DATE
> Task :expo:prepareLintJarForPublish UP-TO-DATE
> Task :expo:prepareReleaseArtProfile UP-TO-DATE
> Task :expo:processReleaseJavaRes UP-TO-DATE
> Task :expo:mergeReleaseJavaResource UP-TO-DATE
> Task :expo:syncReleaseLibJars UP-TO-DATE
> Task :expo:writeReleaseAarMetadata UP-TO-DATE
> Task :expo:bundleReleaseLocalLintAar UP-TO-DATE
> Task :react-native-safe-area-context:preBuild UP-TO-DATE
> Task :react-native-safe-area-context:preReleaseBuild UP-TO-DATE
> Task :react-native-safe-area-context:mergeReleaseJniLibFolders UP-TO-DATE
> Task :react-native-safe-area-context:mergeReleaseNativeLibs NO-SOURCE
> Task :react-native-safe-area-context:stripReleaseDebugSymbols NO-SOURCE
> Task :react-native-safe-area-context:copyReleaseJniLibsProjectAndLocalJars UP-TO-DATE
> Task :react-native-safe-area-context:generateReleaseResValues UP-TO-DATE
> Task :react-native-safe-area-context:extractDeepLinksForAarRelease UP-TO-DATE
> Task :react-native-safe-area-context:generateReleaseBuildConfig UP-TO-DATE
> Task :react-native-safe-area-context:generateReleaseResources UP-TO-DATE
> Task :react-native-safe-area-context:packageReleaseResources UP-TO-DATE
> Task :react-native-safe-area-context:parseReleaseLocalResources UP-TO-DATE
> Task :react-native-safe-area-context:processReleaseManifest UP-TO-DATE
> Task :react-native-safe-area-context:generateReleaseRFile UP-TO-DATE
> Task :react-native-safe-area-context:compileReleaseKotlin UP-TO-DATE
> Task :react-native-safe-area-context:extractReleaseAnnotations UP-TO-DATE
> Task :react-native-safe-area-context:javaPreCompileRelease UP-TO-DATE
> Task :react-native-safe-area-context:compileReleaseJavaWithJavac UP-TO-DATE
> Task :react-native-safe-area-context:mergeReleaseGeneratedProguardFiles UP-TO-DATE
> Task :react-native-safe-area-context:mergeReleaseConsumerProguardFiles UP-TO-DATE
> Task :react-native-safe-area-context:mergeReleaseShaders UP-TO-DATE
> Task :react-native-safe-area-context:compileReleaseShaders NO-SOURCE
> Task :react-native-safe-area-context:generateReleaseAssets UP-TO-DATE
> Task :react-native-safe-area-context:packageReleaseAssets UP-TO-DATE
> Task :react-native-safe-area-context:prepareLintJarForPublish UP-TO-DATE
> Task :react-native-safe-area-context:prepareReleaseArtProfile UP-TO-DATE
> Task :react-native-safe-area-context:processReleaseJavaRes UP-TO-DATE
> Task :react-native-safe-area-context:mergeReleaseJavaResource UP-TO-DATE
> Task :react-native-safe-area-context:syncReleaseLibJars UP-TO-DATE
> Task :react-native-safe-area-context:writeReleaseAarMetadata UP-TO-DATE
> Task :react-native-safe-area-context:bundleReleaseLocalLintAar UP-TO-DATE
> Task :react-native-screens:preBuild UP-TO-DATE
> Task :react-native-screens:preReleaseBuild UP-TO-DATE
> Task :react-native-screens:mergeReleaseJniLibFolders UP-TO-DATE
> Task :react-native-screens:mergeReleaseNativeLibs NO-SOURCE
> Task :react-native-screens:stripReleaseDebugSymbols NO-SOURCE
> Task :react-native-screens:copyReleaseJniLibsProjectAndLocalJars UP-TO-DATE
> Task :react-native-screens:generateReleaseResValues UP-TO-DATE
> Task :react-native-screens:extractDeepLinksForAarRelease UP-TO-DATE
> Task :react-native-screens:generateReleaseBuildConfig UP-TO-DATE
> Task :react-native-screens:generateReleaseResources UP-TO-DATE
> Task :react-native-screens:packageReleaseResources UP-TO-DATE
> Task :react-native-screens:parseReleaseLocalResources UP-TO-DATE
> Task :react-native-screens:processReleaseManifest UP-TO-DATE
> Task :react-native-screens:generateReleaseRFile UP-TO-DATE
> Task :react-native-screens:compileReleaseKotlin UP-TO-DATE
> Task :react-native-screens:extractReleaseAnnotations UP-TO-DATE
> Task :react-native-screens:javaPreCompileRelease UP-TO-DATE
> Task :react-native-screens:compileReleaseJavaWithJavac UP-TO-DATE
> Task :react-native-screens:mergeReleaseGeneratedProguardFiles UP-TO-DATE
> Task :react-native-screens:mergeReleaseConsumerProguardFiles UP-TO-DATE
> Task :react-native-screens:mergeReleaseShaders UP-TO-DATE
> Task :react-native-screens:compileReleaseShaders NO-SOURCE
> Task :react-native-screens:generateReleaseAssets UP-TO-DATE
> Task :react-native-screens:packageReleaseAssets UP-TO-DATE
> Task :react-native-screens:prepareLintJarForPublish UP-TO-DATE
> Task :react-native-screens:prepareReleaseArtProfile UP-TO-DATE
> Task :react-native-screens:processReleaseJavaRes UP-TO-DATE
> Task :react-native-screens:mergeReleaseJavaResource UP-TO-DATE
> Task :react-native-screens:syncReleaseLibJars UP-TO-DATE
> Task :react-native-screens:writeReleaseAarMetadata UP-TO-DATE
> Task :react-native-screens:bundleReleaseLocalLintAar UP-TO-DATE
> Task :react-native-vector-icons:preBuild UP-TO-DATE
> Task :react-native-vector-icons:preReleaseBuild UP-TO-DATE
> Task :react-native-vector-icons:mergeReleaseJniLibFolders UP-TO-DATE
> Task :react-native-vector-icons:mergeReleaseNativeLibs NO-SOURCE
> Task :react-native-vector-icons:stripReleaseDebugSymbols NO-SOURCE
> Task :react-native-vector-icons:copyReleaseJniLibsProjectAndLocalJars UP-TO-DATE
> Task :react-native-vector-icons:generateReleaseResValues UP-TO-DATE
> Task :react-native-vector-icons:extractDeepLinksForAarRelease UP-TO-DATE
> Task :react-native-vector-icons:generateReleaseBuildConfig UP-TO-DATE
> Task :react-native-vector-icons:generateReleaseResources UP-TO-DATE
> Task :react-native-vector-icons:packageReleaseResources UP-TO-DATE
> Task :react-native-vector-icons:parseReleaseLocalResources UP-TO-DATE
> Task :react-native-vector-icons:processReleaseManifest UP-TO-DATE
> Task :react-native-vector-icons:generateReleaseRFile UP-TO-DATE
> Task :react-native-vector-icons:extractReleaseAnnotations UP-TO-DATE
> Task :react-native-vector-icons:javaPreCompileRelease UP-TO-DATE
> Task :react-native-vector-icons:compileReleaseJavaWithJavac UP-TO-DATE
> Task :react-native-vector-icons:mergeReleaseGeneratedProguardFiles UP-TO-DATE
> Task :react-native-vector-icons:mergeReleaseConsumerProguardFiles UP-TO-DATE
> Task :react-native-vector-icons:mergeReleaseShaders UP-TO-DATE
> Task :react-native-vector-icons:compileReleaseShaders NO-SOURCE
> Task :react-native-vector-icons:generateReleaseAssets UP-TO-DATE
> Task :react-native-vector-icons:packageReleaseAssets UP-TO-DATE
> Task :react-native-vector-icons:prepareLintJarForPublish UP-TO-DATE
> Task :react-native-vector-icons:prepareReleaseArtProfile UP-TO-DATE
> Task :react-native-vector-icons:processReleaseJavaRes NO-SOURCE
> Task :react-native-vector-icons:mergeReleaseJavaResource UP-TO-DATE
> Task :react-native-vector-icons:syncReleaseLibJars UP-TO-DATE
> Task :react-native-vector-icons:writeReleaseAarMetadata UP-TO-DATE
> Task :react-native-vector-icons:bundleReleaseLocalLintAar UP-TO-DATE
> Task :expo-constants:mergeReleaseJniLibFolders UP-TO-DATE
> Task :expo-constants:mergeReleaseNativeLibs NO-SOURCE
> Task :expo-constants:stripReleaseDebugSymbols NO-SOURCE
> Task :expo-constants:copyReleaseJniLibsProjectAndLocalJars UP-TO-DATE
> Task :expo-constants:extractDeepLinksForAarRelease UP-TO-DATE
> Task :expo-constants:extractReleaseAnnotations UP-TO-DATE
> Task :expo-constants:mergeReleaseGeneratedProguardFiles UP-TO-DATE
> Task :expo-constants:mergeReleaseConsumerProguardFiles UP-TO-DATE
> Task :expo-constants:mergeReleaseShaders UP-TO-DATE
> Task :expo-constants:compileReleaseShaders NO-SOURCE
> Task :expo-constants:generateReleaseAssets UP-TO-DATE
> Task :expo-constants:packageReleaseAssets UP-TO-DATE
> Task :expo-constants:prepareLintJarForPublish UP-TO-DATE
> Task :expo-constants:prepareReleaseArtProfile UP-TO-DATE
> Task :expo-constants:processReleaseJavaRes UP-TO-DATE
> Task :expo-constants:mergeReleaseJavaResource UP-TO-DATE
> Task :expo-constants:syncReleaseLibJars UP-TO-DATE
> Task :expo-constants:writeReleaseAarMetadata UP-TO-DATE
> Task :expo-constants:bundleReleaseLocalLintAar UP-TO-DATE
> Task :expo-file-system:mergeReleaseJniLibFolders UP-TO-DATE
> Task :expo-file-system:mergeReleaseNativeLibs NO-SOURCE
> Task :expo-file-system:stripReleaseDebugSymbols NO-SOURCE
> Task :expo-file-system:copyReleaseJniLibsProjectAndLocalJars UP-TO-DATE
> Task :expo-file-system:extractDeepLinksForAarRelease UP-TO-DATE
> Task :expo-file-system:extractReleaseAnnotations UP-TO-DATE
> Task :expo-file-system:mergeReleaseGeneratedProguardFiles UP-TO-DATE
> Task :expo-file-system:mergeReleaseConsumerProguardFiles UP-TO-DATE
> Task :expo-file-system:mergeReleaseShaders UP-TO-DATE
> Task :expo-file-system:compileReleaseShaders NO-SOURCE
> Task :expo-file-system:generateReleaseAssets UP-TO-DATE
> Task :expo-file-system:packageReleaseAssets UP-TO-DATE
> Task :expo-file-system:prepareLintJarForPublish UP-TO-DATE
> Task :expo-file-system:prepareReleaseArtProfile UP-TO-DATE
> Task :expo-file-system:processReleaseJavaRes UP-TO-DATE
> Task :expo-file-system:mergeReleaseJavaResource UP-TO-DATE
> Task :expo-file-system:syncReleaseLibJars UP-TO-DATE
> Task :expo-file-system:writeReleaseAarMetadata UP-TO-DATE
> Task :expo-file-system:bundleReleaseLocalLintAar UP-TO-DATE
> Task :expo-font:mergeReleaseJniLibFolders UP-TO-DATE
> Task :expo-font:mergeReleaseNativeLibs NO-SOURCE
> Task :expo-font:stripReleaseDebugSymbols NO-SOURCE
> Task :expo-font:copyReleaseJniLibsProjectAndLocalJars UP-TO-DATE
> Task :expo-font:extractDeepLinksForAarRelease UP-TO-DATE
> Task :expo-font:extractReleaseAnnotations UP-TO-DATE
> Task :expo-font:mergeReleaseGeneratedProguardFiles UP-TO-DATE
> Task :expo-font:mergeReleaseConsumerProguardFiles UP-TO-DATE
> Task :expo-font:mergeReleaseShaders UP-TO-DATE
> Task :expo-font:compileReleaseShaders NO-SOURCE
> Task :expo-font:generateReleaseAssets UP-TO-DATE
> Task :expo-font:packageReleaseAssets UP-TO-DATE
> Task :expo-font:prepareLintJarForPublish UP-TO-DATE
> Task :expo-font:prepareReleaseArtProfile UP-TO-DATE
> Task :expo-font:processReleaseJavaRes UP-TO-DATE
> Task :expo-font:mergeReleaseJavaResource UP-TO-DATE
> Task :expo-font:syncReleaseLibJars UP-TO-DATE
> Task :expo-font:writeReleaseAarMetadata UP-TO-DATE
> Task :expo-font:bundleReleaseLocalLintAar UP-TO-DATE
> Task :expo-image-loader:mergeReleaseJniLibFolders UP-TO-DATE
> Task :expo-image-loader:mergeReleaseNativeLibs NO-SOURCE
> Task :expo-image-loader:stripReleaseDebugSymbols NO-SOURCE
> Task :expo-image-loader:copyReleaseJniLibsProjectAndLocalJars UP-TO-DATE
> Task :expo-image-loader:extractDeepLinksForAarRelease UP-TO-DATE
> Task :expo-image-loader:extractReleaseAnnotations UP-TO-DATE
> Task :expo-image-loader:mergeReleaseGeneratedProguardFiles UP-TO-DATE
> Task :expo-image-loader:mergeReleaseConsumerProguardFiles UP-TO-DATE
> Task :expo-image-loader:mergeReleaseShaders UP-TO-DATE
> Task :expo-image-loader:compileReleaseShaders NO-SOURCE
> Task :expo-image-loader:generateReleaseAssets UP-TO-DATE
> Task :expo-image-loader:packageReleaseAssets UP-TO-DATE
> Task :expo-image-loader:prepareLintJarForPublish UP-TO-DATE
> Task :expo-image-loader:prepareReleaseArtProfile UP-TO-DATE
> Task :expo-image-loader:processReleaseJavaRes UP-TO-DATE
> Task :expo-image-loader:mergeReleaseJavaResource UP-TO-DATE
> Task :expo-image-loader:syncReleaseLibJars UP-TO-DATE
> Task :expo-image-loader:writeReleaseAarMetadata UP-TO-DATE
> Task :expo-image-loader:bundleReleaseLocalLintAar UP-TO-DATE
> Task :expo-image-picker:mergeReleaseJniLibFolders UP-TO-DATE
> Task :expo-image-picker:mergeReleaseNativeLibs NO-SOURCE
> Task :expo-image-picker:stripReleaseDebugSymbols NO-SOURCE
> Task :expo-image-picker:copyReleaseJniLibsProjectAndLocalJars UP-TO-DATE
> Task :expo-image-picker:extractDeepLinksForAarRelease UP-TO-DATE
> Task :expo-image-picker:extractReleaseAnnotations UP-TO-DATE
> Task :expo-image-picker:mergeReleaseGeneratedProguardFiles UP-TO-DATE
> Task :expo-image-picker:mergeReleaseConsumerProguardFiles UP-TO-DATE
> Task :expo-image-picker:mergeReleaseShaders UP-TO-DATE
> Task :expo-image-picker:compileReleaseShaders NO-SOURCE
> Task :expo-image-picker:generateReleaseAssets UP-TO-DATE
> Task :expo-image-picker:packageReleaseAssets UP-TO-DATE
> Task :expo-image-picker:prepareLintJarForPublish UP-TO-DATE
> Task :expo-image-picker:prepareReleaseArtProfile UP-TO-DATE
> Task :expo-image-picker:processReleaseJavaRes UP-TO-DATE
> Task :expo-image-picker:mergeReleaseJavaResource UP-TO-DATE
> Task :expo-image-picker:syncReleaseLibJars UP-TO-DATE
> Task :expo-image-picker:writeReleaseAarMetadata UP-TO-DATE
> Task :expo-image-picker:bundleReleaseLocalLintAar UP-TO-DATE
> Task :expo-keep-awake:mergeReleaseJniLibFolders UP-TO-DATE
> Task :expo-keep-awake:mergeReleaseNativeLibs NO-SOURCE
> Task :expo-keep-awake:stripReleaseDebugSymbols NO-SOURCE
> Task :expo-keep-awake:copyReleaseJniLibsProjectAndLocalJars UP-TO-DATE
> Task :expo-keep-awake:extractDeepLinksForAarRelease UP-TO-DATE
> Task :expo-keep-awake:extractReleaseAnnotations UP-TO-DATE
> Task :expo-keep-awake:mergeReleaseGeneratedProguardFiles UP-TO-DATE
> Task :expo-keep-awake:mergeReleaseConsumerProguardFiles UP-TO-DATE
> Task :expo-keep-awake:mergeReleaseShaders UP-TO-DATE
> Task :expo-keep-awake:compileReleaseShaders NO-SOURCE
> Task :expo-keep-awake:generateReleaseAssets UP-TO-DATE
> Task :expo-keep-awake:packageReleaseAssets UP-TO-DATE
> Task :expo-keep-awake:prepareLintJarForPublish UP-TO-DATE
> Task :expo-keep-awake:prepareReleaseArtProfile UP-TO-DATE
> Task :expo-keep-awake:processReleaseJavaRes UP-TO-DATE
> Task :expo-keep-awake:mergeReleaseJavaResource UP-TO-DATE
> Task :expo-keep-awake:syncReleaseLibJars UP-TO-DATE
> Task :expo-keep-awake:writeReleaseAarMetadata UP-TO-DATE
> Task :expo-keep-awake:bundleReleaseLocalLintAar UP-TO-DATE
> Task :expo-location:mergeReleaseJniLibFolders UP-TO-DATE
> Task :expo-location:mergeReleaseNativeLibs NO-SOURCE
> Task :expo-location:stripReleaseDebugSymbols NO-SOURCE
> Task :expo-location:copyReleaseJniLibsProjectAndLocalJars UP-TO-DATE
> Task :expo-location:extractDeepLinksForAarRelease UP-TO-DATE
> Task :expo-location:extractReleaseAnnotations UP-TO-DATE
> Task :expo-location:mergeReleaseGeneratedProguardFiles UP-TO-DATE
> Task :expo-location:mergeReleaseConsumerProguardFiles UP-TO-DATE
> Task :expo-location:mergeReleaseShaders UP-TO-DATE
> Task :expo-location:compileReleaseShaders NO-SOURCE
> Task :expo-location:generateReleaseAssets UP-TO-DATE
> Task :expo-location:packageReleaseAssets UP-TO-DATE
> Task :expo-location:prepareLintJarForPublish UP-TO-DATE
> Task :expo-location:prepareReleaseArtProfile UP-TO-DATE
> Task :expo-location:processReleaseJavaRes UP-TO-DATE
> Task :expo-location:mergeReleaseJavaResource UP-TO-DATE
> Task :expo-location:syncReleaseLibJars UP-TO-DATE
> Task :expo-location:writeReleaseAarMetadata UP-TO-DATE
> Task :expo-location:bundleReleaseLocalLintAar UP-TO-DATE
> Task :expo-secure-store:mergeReleaseJniLibFolders UP-TO-DATE
> Task :expo-secure-store:mergeReleaseNativeLibs NO-SOURCE
> Task :expo-secure-store:stripReleaseDebugSymbols NO-SOURCE
> Task :expo-secure-store:copyReleaseJniLibsProjectAndLocalJars UP-TO-DATE
> Task :expo-secure-store:extractDeepLinksForAarRelease UP-TO-DATE
> Task :expo-secure-store:extractReleaseAnnotations UP-TO-DATE
> Task :expo-secure-store:mergeReleaseGeneratedProguardFiles UP-TO-DATE
> Task :expo-secure-store:mergeReleaseConsumerProguardFiles UP-TO-DATE
> Task :expo-secure-store:mergeReleaseShaders UP-TO-DATE
> Task :expo-secure-store:compileReleaseShaders NO-SOURCE
> Task :expo-secure-store:generateReleaseAssets UP-TO-DATE
> Task :expo-secure-store:packageReleaseAssets UP-TO-DATE
> Task :expo-secure-store:prepareLintJarForPublish UP-TO-DATE
> Task :expo-secure-store:prepareReleaseArtProfile UP-TO-DATE
> Task :expo-secure-store:processReleaseJavaRes UP-TO-DATE
> Task :expo-secure-store:mergeReleaseJavaResource UP-TO-DATE
> Task :expo-secure-store:syncReleaseLibJars UP-TO-DATE
> Task :expo-secure-store:writeReleaseAarMetadata UP-TO-DATE
> Task :expo-secure-store:bundleReleaseLocalLintAar UP-TO-DATE
> Task :expo-modules-core:configureCMakeRelWithDebInfo[arm64-v8a]
> Task :expo-modules-core:buildCMakeRelWithDebInfo[arm64-v8a]
> Task :expo-modules-core:configureCMakeRelWithDebInfo[armeabi-v7a]
> Task :expo-modules-core:buildCMakeRelWithDebInfo[armeabi-v7a]
> Task :expo-modules-core:configureCMakeRelWithDebInfo[x86]
> Task :expo-modules-core:buildCMakeRelWithDebInfo[x86]
> Task :expo-modules-core:configureCMakeRelWithDebInfo[x86_64]
> Task :expo-modules-core:buildCMakeRelWithDebInfo[x86_64]
> Task :expo-modules-core:mergeReleaseJniLibFolders UP-TO-DATE
> Task :expo-modules-core:mergeReleaseNativeLibs UP-TO-DATE
> Task :expo-modules-core:stripReleaseDebugSymbols UP-TO-DATE
> Task :expo-modules-core:copyReleaseJniLibsProjectAndLocalJars UP-TO-DATE
> Task :expo-modules-core:extractDeepLinksForAarRelease UP-TO-DATE
> Task :expo-modules-core:extractReleaseAnnotations UP-TO-DATE
> Task :expo-modules-core:mergeReleaseGeneratedProguardFiles UP-TO-DATE
> Task :expo-modules-core:mergeReleaseConsumerProguardFiles UP-TO-DATE
> Task :expo-modules-core:mergeReleaseShaders UP-TO-DATE
> Task :expo-modules-core:compileReleaseShaders NO-SOURCE
> Task :expo-modules-core:generateReleaseAssets UP-TO-DATE
> Task :expo-modules-core:packageReleaseAssets UP-TO-DATE
> Task :expo-modules-core:prepareLintJarForPublish UP-TO-DATE
> Task :expo-modules-core:prepareReleaseArtProfile UP-TO-DATE
> Task :expo-modules-core:processReleaseJavaRes UP-TO-DATE
> Task :expo-modules-core:mergeReleaseJavaResource UP-TO-DATE
> Task :expo-modules-core:syncReleaseLibJars UP-TO-DATE
> Task :expo-modules-core:writeReleaseAarMetadata UP-TO-DATE
> Task :expo-modules-core:bundleReleaseLocalLintAar
> Task :app:buildKotlinToolingMetadata
> Task :app:generateCodegenSchemaFromJavaScript SKIPPED
> Task :app:generateCodegenArtifactsFromSchema SKIPPED
> Task :app:generatePackageList
> Task :app:preBuild
> Task :app:preReleaseBuild
> Task :app:generateReleaseBuildConfig
> Task :app:checkReleaseAarMetadata

> Task :app:createBundleReleaseJsAndAssets
transform[stderr]: (node:57858) Warning: The 'NO_COLOR' env is ignored due to the 'FORCE_COLOR' env being set.
transform[stderr]: (Use `node --trace-warnings ...` to show where the warning was created)
transform[stderr]: (node:57859) Warning: The 'NO_COLOR' env is ignored due to the 'FORCE_COLOR' env being set.
transform[stderr]: (Use `node --trace-warnings ...` to show where the warning was created)
transform[stderr]: (node:57860) Warning: The 'NO_COLOR' env is ignored due to the 'FORCE_COLOR' env being set.
transform[stderr]: (Use `node --trace-warnings ...` to show where the warning was created)
transform[stderr]: (node:57861) Warning: The 'NO_COLOR' env is ignored due to the 'FORCE_COLOR' env being set.
transform[stderr]: (Use `node --trace-warnings ...` to show where the warning was created)
transform[stderr]: (node:57863) Warning: The 'NO_COLOR' env is ignored due to the 'FORCE_COLOR' env being set.
transform[stderr]: (Use `node --trace-warnings ...` to show where the warning was created)
transform[stderr]: (node:57865) Warning: The 'NO_COLOR' env is ignored due to the 'FORCE_COLOR' env being set.
transform[stderr]: (Use `node --trace-warnings ...` to show where the warning was created)
transform[stderr]: (node:57862) Warning: The 'NO_COLOR' env is ignored due to the 'FORCE_COLOR' env being set.
transform[stderr]: (Use `node --trace-warnings ...` to show where the warning was created)
transform[stderr]: (node:57864) Warning: The 'NO_COLOR' env is ignored due to the 'FORCE_COLOR' env being set.
transform[stderr]: (Use `node --trace-warnings ...` to show where the warning was created)
Writing bundle output to: /Users/dmitrytsymlyakov/AndroidStudioProjects/FoodHub/android/app/build/generated/assets/createBundleReleaseJsAndAssets/index.android.bundle
Writing sourcemap output to: /Users/dmitrytsymlyakov/AndroidStudioProjects/FoodHub/android/app/build/intermediates/sourcemaps/react/release/index.android.bundle.packager.map
Copying 25 asset files
Done writing bundle output
Done writing sourcemap output
/Users/dmitrytsymlyakov/AndroidStudioProjects/FoodHub/android/app/build/generated/assets/createBundleReleaseJsAndAssets/index.android.bundle:3459:16: warning: the variable "SharedArrayBuffer" was not declared in function "from"
    if (typeof SharedArrayBuffer !== 'undefined' && (isInstance(value, Shared...
               ^~~~~~~~~~~~~~~~~
/Users/dmitrytsymlyakov/AndroidStudioProjects/FoodHub/android/app/build/generated/assets/createBundleReleaseJsAndAssets/index.android.bundle:8202:18: warning: the variable "DebuggerInternal" was not declared in function "__shouldPauseOnThrow"
          typeof DebuggerInternal !== 'undefined' &&
                 ^~~~~~~~~~~~~~~~
/Users/dmitrytsymlyakov/AndroidStudioProjects/FoodHub/android/app/build/generated/assets/createBundleReleaseJsAndAssets/index.android.bundle:18953:7: warning: the variable "setTimeout" was not declared in function "logCapturedError"
      setTimeout(function () {
      ^~~~~~~~~~
/Users/dmitrytsymlyakov/AndroidStudioProjects/FoodHub/android/app/build/generated/assets/createBundleReleaseJsAndAssets/index.android.bundle:16913:108: warning: the variable "nativeFabricUIManager" was not declared in function "onChange"
...lInstanceHandle ? (from && nativeFabricUIManager.setIsJSResponder(from.sta...
                              ^~~~~~~~~~~~~~~~~~~~~
/Users/dmitrytsymlyakov/AndroidStudioProjects/FoodHub/android/app/build/generated/assets/createBundleReleaseJsAndAssets/index.android.bundle:17534:21: warning: the variable "clearTimeout" was not declared in anonymous function " 348#"
    cancelTimeout = clearTimeout;
                    ^~~~~~~~~~~~
/Users/dmitrytsymlyakov/AndroidStudioProjects/FoodHub/android/app/build/generated/assets/createBundleReleaseJsAndAssets/index.android.bundle:21284:30: warning: the variable "__REACT_DEVTOOLS_GLOBAL_HOOK__" was not declared in anonymous function " 348#"
  if ("undefined" !== typeof __REACT_DEVTOOLS_GLOBAL_HOOK__) {
                             ^~~~~~~~~~~~~~~~~~~~~~~~~~~~~~
/Users/dmitrytsymlyakov/AndroidStudioProjects/FoodHub/android/app/build/generated/assets/createBundleReleaseJsAndAssets/index.android.bundle:22814:5: warning: the variable "setImmediate" was not declared in function "handleResolved"
    setImmediate(function () {
    ^~~~~~~~~~~~
/Users/dmitrytsymlyakov/AndroidStudioProjects/FoodHub/android/app/build/generated/assets/createBundleReleaseJsAndAssets/index.android.bundle:26815:5: warning: the variable "fetch" was not declared in anonymous function " 564#"
    fetch,
    ^~~~~
/Users/dmitrytsymlyakov/AndroidStudioProjects/FoodHub/android/app/build/generated/assets/createBundleReleaseJsAndAssets/index.android.bundle:26816:5: warning: the variable "Headers" was not declared in anonymous function " 564#"
    Headers,
    ^~~~~~~
/Users/dmitrytsymlyakov/AndroidStudioProjects/FoodHub/android/app/build/generated/assets/createBundleReleaseJsAndAssets/index.android.bundle:26817:5: warning: the variable "Request" was not declared in anonymous function " 564#"
    Request,
    ^~~~~~~
/Users/dmitrytsymlyakov/AndroidStudioProjects/FoodHub/android/app/build/generated/assets/createBundleReleaseJsAndAssets/index.android.bundle:26818:5: warning: the variable "Response" was not declared in anonymous function " 564#"
    Response
    ^~~~~~~~
/Users/dmitrytsymlyakov/AndroidStudioProjects/FoodHub/android/app/build/generated/assets/createBundleReleaseJsAndAssets/index.android.bundle:26975:24: warning: the variable "FileReader" was not declared in function "readBlobAsArrayBuffer"
      var reader = new FileReader();
                       ^~~~~~~~~~
/Users/dmitrytsymlyakov/AndroidStudioProjects/FoodHub/android/app/build/generated/assets/createBundleReleaseJsAndAssets/index.android.bundle:27026:36: warning: the variable "Blob" was not declared in anonymous function " 575#"
        } else if (support.blob && Blob.prototype.isPrototypeOf(body)) {
                                   ^~~~
/Users/dmitrytsymlyakov/AndroidStudioProjects/FoodHub/android/app/build/generated/assets/createBundleReleaseJsAndAssets/index.android.bundle:27028:40: warning: the variable "FormData" was not declared in anonymous function " 575#"
        } else if (support.formData && FormData.prototype.isPrototypeOf(body)) {
                                       ^~~~~~~~
/Users/dmitrytsymlyakov/AndroidStudioProjects/FoodHub/android/app/build/generated/assets/createBundleReleaseJsAndAssets/index.android.bundle:27030:44: warning: the variable "URLSearchParams" was not declared in anonymous function " 575#"
...e if (support.searchParams && URLSearchParams.prototype.isPrototypeOf(body...
                                 ^~~~~~~~~~~~~~~
/Users/dmitrytsymlyakov/AndroidStudioProjects/FoodHub/android/app/build/generated/assets/createBundleReleaseJsAndAssets/index.android.bundle:27149:26: warning: the variable "AbortController" was not declared in anonymous function " 581#"
          var ctrl = new AbortController();
                         ^~~~~~~~~~~~~~~
/Users/dmitrytsymlyakov/AndroidStudioProjects/FoodHub/android/app/build/generated/assets/createBundleReleaseJsAndAssets/index.android.bundle:27283:23: warning: the variable "XMLHttpRequest" was not declared in anonymous function " 585#"
        var xhr = new XMLHttpRequest();
                      ^~~~~~~~~~~~~~
/Users/dmitrytsymlyakov/AndroidStudioProjects/FoodHub/android/app/build/generated/assets/createBundleReleaseJsAndAssets/index.android.bundle:26828:71: warning: the variable "self" was not declared in anonymous function " 567#"
...undefined' && globalThis || typeof self !== 'undefined' && self ||
                                      ^~~~
/Users/dmitrytsymlyakov/AndroidStudioProjects/FoodHub/android/app/build/generated/assets/createBundleReleaseJsAndAssets/index.android.bundle:31478:27: warning: the variable "performance" was not declared in anonymous function " 759#"
  if ("object" === typeof performance && "function" === typeof performance.no...
                          ^~~~~~~~~~~
/Users/dmitrytsymlyakov/AndroidStudioProjects/FoodHub/android/app/build/generated/assets/createBundleReleaseJsAndAssets/index.android.bundle:31501:26: warning: the variable "navigator" was not declared in anonymous function " 759#"
  "undefined" !== typeof navigator && undefined !== navigator.scheduling && u...
                         ^~~~~~~~~
/Users/dmitrytsymlyakov/AndroidStudioProjects/FoodHub/android/app/build/generated/assets/createBundleReleaseJsAndAssets/index.android.bundle:31611:37: warning: the variable "MessageChannel" was not declared in anonymous function " 759#"
  };else if ("undefined" !== typeof MessageChannel) {
                                    ^~~~~~~~~~~~~~
/Users/dmitrytsymlyakov/AndroidStudioProjects/FoodHub/android/app/build/generated/assets/createBundleReleaseJsAndAssets/index.android.bundle:31626:34: warning: the variable "nativeRuntimeScheduler" was not declared in anonymous function " 759#"
... = "undefined" !== typeof nativeRuntimeScheduler ? nativeRuntimeScheduler....
                             ^~~~~~~~~~~~~~~~~~~~~~
/Users/dmitrytsymlyakov/AndroidStudioProjects/FoodHub/android/app/build/generated/assets/createBundleReleaseJsAndAssets/index.android.bundle:43574:34: warning: the variable "requestAnimationFrame" was not declared in function "start 9#"
...    this._animationFrame = requestAnimationFrame(this.onUpdate.bind(this));
                              ^~~~~~~~~~~~~~~~~~~~~
/Users/dmitrytsymlyakov/AndroidStudioProjects/FoodHub/android/app/build/generated/assets/createBundleReleaseJsAndAssets/index.android.bundle:69924:20: warning: the variable "WeakRef" was not declared in anonymous function " 1823#"
  var Ref = typeof WeakRef !== "undefined" ? WeakRef : StrongRef;
                   ^~~~~~~
/Users/dmitrytsymlyakov/AndroidStudioProjects/FoodHub/android/app/build/generated/assets/createBundleReleaseJsAndAssets/index.android.bundle:76251:38: warning: the variable "document" was not declared in anonymous function " 2314#"
...r useClientLayoutEffect = typeof document !== 'undefined' || typeof naviga...
                                    ^~~~~~~~

> Task :app:generateReleaseResValues
> Task :app:mapReleaseSourceSetPaths
> Task :app:generateReleaseResources
> Task :app:packageReleaseResources
> Task :app:createReleaseCompatibleScreenManifests
> Task :app:extractDeepLinksRelease
> Task :expo:extractDeepLinksRelease
> Task :expo-constants:extractDeepLinksRelease
> Task :expo-file-system:extractDeepLinksRelease
> Task :expo-font:extractDeepLinksRelease
> Task :expo-image-loader:extractDeepLinksRelease
> Task :expo-image-picker:extractDeepLinksRelease
> Task :app:parseReleaseLocalResources
> Task :expo-keep-awake:extractDeepLinksRelease
> Task :expo-location:extractDeepLinksRelease
> Task :expo-modules-core:extractDeepLinksRelease
> Task :expo-secure-store:extractDeepLinksRelease
> Task :react-native-community_slider:extractDeepLinksRelease
> Task :react-native-safe-area-context:extractDeepLinksRelease
> Task :react-native-screens:extractDeepLinksRelease
> Task :react-native-vector-icons:extractDeepLinksRelease

> Task :app:processReleaseMainManifest
/Users/dmitrytsymlyakov/AndroidStudioProjects/FoodHub/android/app/src/main/AndroidManifest.xml Warning:
	provider#expo.modules.filesystem.FileSystemFileProvider@android:authorities was tagged at AndroidManifest.xml:0 to replace other declarations but no other declaration present

> Task :app:processReleaseManifest
> Task :expo:compileReleaseLibraryResources
> Task :expo-constants:compileReleaseLibraryResources
> Task :expo-file-system:compileReleaseLibraryResources
> Task :expo-font:compileReleaseLibraryResources
> Task :expo-image-loader:compileReleaseLibraryResources
> Task :expo-image-picker:compileReleaseLibraryResources
> Task :expo-keep-awake:compileReleaseLibraryResources
> Task :expo-location:compileReleaseLibraryResources
> Task :expo-modules-core:compileReleaseLibraryResources
> Task :app:processReleaseManifestForPackage
> Task :expo-secure-store:compileReleaseLibraryResources
> Task :react-native-community_slider:compileReleaseLibraryResources
> Task :react-native-safe-area-context:compileReleaseLibraryResources
> Task :react-native-vector-icons:compileReleaseLibraryResources
> Task :expo:bundleLibCompileToJarRelease
> Task :react-native-community_slider:bundleLibCompileToJarRelease
> Task :react-native-screens:compileReleaseLibraryResources
> Task :react-native-safe-area-context:bundleLibCompileToJarRelease
> Task :react-native-vector-icons:bundleLibCompileToJarRelease
> Task :app:javaPreCompileRelease
> Task :app:extractProguardFiles
> Task :expo:writeReleaseLintModelMetadata
> Task :expo:bundleLibRuntimeToJarRelease
> Task :react-native-screens:bundleLibCompileToJarRelease
> Task :expo-constants:bundleLibRuntimeToJarRelease
> Task :expo:createFullJarRelease
> Task :expo-constants:createFullJarRelease
> Task :expo-constants:writeReleaseLintModelMetadata
> Task :expo-file-system:writeReleaseLintModelMetadata
> Task :expo-font:writeReleaseLintModelMetadata
> Task :expo-font:bundleLibRuntimeToJarRelease
> Task :expo-image-loader:writeReleaseLintModelMetadata
> Task :expo-image-loader:bundleLibRuntimeToJarRelease
> Task :expo-font:createFullJarRelease
> Task :expo-image-loader:createFullJarRelease
> Task :expo-image-picker:writeReleaseLintModelMetadata
> Task :expo-keep-awake:writeReleaseLintModelMetadata
> Task :expo-location:writeReleaseLintModelMetadata
> Task :expo-keep-awake:bundleLibRuntimeToJarRelease
> Task :expo-keep-awake:createFullJarRelease
> Task :expo-file-system:bundleLibRuntimeToJarRelease
> Task :expo-modules-core:writeReleaseLintModelMetadata
> Task :expo-image-picker:bundleLibRuntimeToJarRelease
> Task :expo-file-system:createFullJarRelease
> Task :expo-image-picker:createFullJarRelease
> Task :expo-location:bundleLibRuntimeToJarRelease
> Task :expo-secure-store:writeReleaseLintModelMetadata
> Task :expo-location:createFullJarRelease
> Task :expo-secure-store:bundleLibRuntimeToJarRelease
> Task :react-native-community_slider:bundleLibRuntimeToJarRelease
> Task :expo-secure-store:createFullJarRelease
> Task :react-native-community_slider:createFullJarRelease
> Task :react-native-community_slider:writeReleaseLintModelMetadata
> Task :react-native-safe-area-context:writeReleaseLintModelMetadata
> Task :react-native-safe-area-context:bundleLibRuntimeToJarRelease
> Task :react-native-safe-area-context:createFullJarRelease
> Task :react-native-screens:bundleLibRuntimeToJarRelease
> Task :react-native-screens:writeReleaseLintModelMetadata
> Task :react-native-screens:createFullJarRelease
> Task :react-native-vector-icons:bundleLibRuntimeToJarRelease
> Task :react-native-vector-icons:writeReleaseLintModelMetadata
> Task :react-native-vector-icons:createFullJarRelease
> Task :app:mergeReleaseJniLibFolders
> Task :expo:copyReleaseJniLibsProjectOnly
> Task :expo-constants:copyReleaseJniLibsProjectOnly
> Task :expo-file-system:copyReleaseJniLibsProjectOnly
> Task :expo-font:copyReleaseJniLibsProjectOnly
> Task :expo-image-loader:copyReleaseJniLibsProjectOnly
> Task :expo-image-picker:copyReleaseJniLibsProjectOnly
> Task :expo-keep-awake:copyReleaseJniLibsProjectOnly
> Task :expo-location:copyReleaseJniLibsProjectOnly
> Task :react-native-community_slider:copyReleaseJniLibsProjectOnly
> Task :expo-secure-store:copyReleaseJniLibsProjectOnly
> Task :react-native-screens:copyReleaseJniLibsProjectOnly
> Task :react-native-vector-icons:copyReleaseJniLibsProjectOnly
> Task :react-native-safe-area-context:copyReleaseJniLibsProjectOnly
> Task :expo-modules-core:copyReleaseJniLibsProjectOnly
> Task :expo-modules-core:bundleLibRuntimeToJarRelease
> Task :app:checkReleaseDuplicateClasses
> Task :app:mergeReleaseResources
> Task :expo-modules-core:createFullJarRelease
> Task :app:mergeReleaseNativeLibs
> Task :app:desugarReleaseFileDependencies
> Task :app:processReleaseResources
> Task :app:stripReleaseDebugSymbols
> Task :app:mergeExtDexRelease
> Task :app:mergeReleaseArtProfile
> Task :app:mergeReleaseShaders
> Task :app:compileReleaseShaders NO-SOURCE
> Task :app:generateReleaseAssets UP-TO-DATE
> Task :app:extractReleaseNativeSymbolTables
> Task :app:mergeReleaseAssets
> Task :app:compressReleaseAssets
> Task :app:mergeReleaseNativeDebugMetadata
> Task :app:collectReleaseDependencies
> Task :app:sdkReleaseDependencyData
> Task :app:validateSigningRelease
> Task :app:writeReleaseAppMetadata
> Task :app:writeReleaseSigningConfigVersions
> Task :expo:bundleReleaseAar
> Task :expo:mapReleaseSourceSetPaths
> Task :app:compileReleaseKotlin
> Task :expo:mergeReleaseResources
> Task :app:compileReleaseJavaWithJavac
> Task :app:dexBuilderRelease
> Task :app:processReleaseJavaRes
> Task :app:mergeReleaseGlobalSynthetics
> Task :expo-constants:bundleReleaseAar
> Task :expo-constants:mapReleaseSourceSetPaths
> Task :expo-constants:mergeReleaseResources
> Task :expo-file-system:bundleReleaseAar
> Task :expo-file-system:mapReleaseSourceSetPaths
> Task :expo:verifyReleaseResources
> Task :app:mergeReleaseJavaResource
> Task :expo-constants:verifyReleaseResources
> Task :expo-file-system:mergeReleaseResources
> Task :expo:assembleRelease
> Task :expo-constants:assembleRelease
> Task :expo-font:bundleReleaseAar
> Task :expo-font:mapReleaseSourceSetPaths
> Task :expo-file-system:verifyReleaseResources
> Task :expo-font:mergeReleaseResources
> Task :expo-file-system:assembleRelease
> Task :expo-image-loader:bundleReleaseAar
> Task :expo-image-loader:mapReleaseSourceSetPaths
> Task :app:mergeDexRelease
> Task :expo-font:verifyReleaseResources
> Task :expo-image-loader:mergeReleaseResources
> Task :expo-font:assembleRelease
> Task :expo-image-picker:bundleReleaseAar
> Task :expo-image-picker:mapReleaseSourceSetPaths
> Task :app:compileReleaseArtProfile
> Task :expo-image-loader:verifyReleaseResources
> Task :expo-image-picker:mergeReleaseResources
> Task :expo-image-loader:assembleRelease
> Task :expo-keep-awake:bundleReleaseAar
> Task :expo-keep-awake:mapReleaseSourceSetPaths
> Task :expo-image-picker:verifyReleaseResources
> Task :expo-keep-awake:mergeReleaseResources
> Task :expo-image-picker:assembleRelease
> Task :expo-location:bundleReleaseAar
> Task :expo-location:mapReleaseSourceSetPaths
> Task :app:optimizeReleaseResources
> Task :app:lintVitalAnalyzeRelease
> Task :expo-keep-awake:verifyReleaseResources
> Task :expo-location:mergeReleaseResources
> Task :expo-keep-awake:assembleRelease
> Task :app:lintVitalReportRelease
> Task :app:lintVitalRelease
> Task :expo-modules-core:bundleReleaseAar
> Task :expo-modules-core:mapReleaseSourceSetPaths
> Task :expo-location:verifyReleaseResources
> Task :expo-modules-core:mergeReleaseResources
> Task :expo-location:assembleRelease
> Task :expo-secure-store:bundleReleaseAar
> Task :expo-secure-store:mapReleaseSourceSetPaths
> Task :expo-modules-core:verifyReleaseResources
> Task :expo-secure-store:mergeReleaseResources
> Task :app:packageRelease
> Task :app:createReleaseApkListingFileRedirect
> Task :app:assembleRelease
> Task :expo-modules-core:assembleRelease
> Task :react-native-community_slider:bundleReleaseAar
> Task :react-native-community_slider:mapReleaseSourceSetPaths
> Task :expo-secure-store:verifyReleaseResources
> Task :react-native-community_slider:mergeReleaseResources
> Task :expo-secure-store:assembleRelease
> Task :react-native-safe-area-context:bundleReleaseAar
> Task :react-native-safe-area-context:mapReleaseSourceSetPaths
> Task :react-native-community_slider:verifyReleaseResources
> Task :react-native-safe-area-context:mergeReleaseResources
> Task :react-native-community_slider:assembleRelease
> Task :react-native-screens:bundleReleaseAar
> Task :react-native-screens:mapReleaseSourceSetPaths
> Task :react-native-safe-area-context:verifyReleaseResources
> Task :react-native-screens:mergeReleaseResources
> Task :react-native-safe-area-context:assembleRelease
> Task :react-native-vector-icons:bundleReleaseAar
> Task :react-native-vector-icons:mapReleaseSourceSetPaths
> Task :react-native-vector-icons:mergeReleaseResources
> Task :react-native-screens:verifyReleaseResources
> Task :react-native-screens:assembleRelease
> Task :react-native-vector-icons:verifyReleaseResources
> Task :react-native-vector-icons:assembleRelease

Deprecated Gradle features were used in this build, making it incompatible with Gradle 9.0.

You can use '--warning-mode all' to show the individual deprecation warnings and determine if they come from your own scripts or plugins.

For more on this, please refer to https://docs.gradle.org/8.3/userguide/command_line_interface.html#sec:command_line_warnings in the Gradle documentation.

BUILD SUCCESSFUL in 2m 21s
559 actionable tasks: 203 executed, 356 up-to-date
